2017-01-20 23:32:54,515 [Worker-25] INFO  o.e.m.c.i.l.LifecycleMappingFactory - Using org.eclipse.m2e.jdt.JarLifecycleMapping lifecycle mapping for MavenProject: OneToOneXml:OneToOneXml:0.0.1-SNAPSHOT @ E:\HiberWork\OneToOneXml\pom.xml.
2017-01-20 23:32:57,108 [Worker-27] WARN  o.e.m.c.i.embedder.EclipseLogger - Using platform encoding (Cp1252 actually) to copy filtered resources, i.e. build is platform dependent!
2017-01-20 23:32:57,128 [Worker-27] INFO  o.e.m.c.i.embedder.EclipseLogger - skip non existing resourceDirectory E:\HiberWork\OneToOneXml\src\main\resources
2017-01-20 23:32:57,133 [Worker-27] WARN  o.e.m.c.i.embedder.EclipseLogger - Using platform encoding (Cp1252 actually) to copy filtered resources, i.e. build is platform dependent!
2017-01-20 23:32:57,134 [Worker-27] INFO  o.e.m.c.i.embedder.EclipseLogger - skip non existing resourceDirectory E:\HiberWork\OneToOneXml\src\test\resources
2017-01-20 23:32:57,173 [Worker-25] INFO  o.e.m.j.i.AbstractJavaProjectConfigurator - Adding source folder /OneToOneXml/src
2017-01-20 23:32:57,175 [Worker-25] INFO  o.e.m.j.i.AbstractJavaProjectConfigurator - Not adding source folder /OneToOneXml/src/test/java because it overlaps with /OneToOneXml/src
2017-01-20 23:32:57,469 [Worker-25] INFO  o.e.m.c.i.p.ProjectConfigurationManager - Update started
2017-01-20 23:32:58,380 [Worker-25] INFO  o.e.m.c.i.l.LifecycleMappingFactory - Using org.eclipse.m2e.jdt.JarLifecycleMapping lifecycle mapping for MavenProject: OneToOneXml:OneToOneXml:0.0.1-SNAPSHOT @ E:\HiberWork\OneToOneXml\pom.xml.
2017-01-20 23:32:59,046 [Worker-6] WARN  o.e.m.c.i.embedder.EclipseLogger - Using platform encoding (Cp1252 actually) to copy filtered resources, i.e. build is platform dependent!
2017-01-20 23:32:59,047 [Worker-6] INFO  o.e.m.c.i.embedder.EclipseLogger - skip non existing resourceDirectory E:\HiberWork\OneToOneXml\src\main\resources
2017-01-20 23:32:59,051 [Worker-6] WARN  o.e.m.c.i.embedder.EclipseLogger - Using platform encoding (Cp1252 actually) to copy filtered resources, i.e. build is platform dependent!
2017-01-20 23:32:59,053 [Worker-6] INFO  o.e.m.c.i.embedder.EclipseLogger - skip non existing resourceDirectory E:\HiberWork\OneToOneXml\src\test\resources
2017-01-20 23:32:59,725 [Worker-25] INFO  o.e.m.j.i.AbstractJavaProjectConfigurator - Adding source folder /OneToOneXml/src
2017-01-20 23:32:59,727 [Worker-25] INFO  o.e.m.j.i.AbstractJavaProjectConfigurator - Not adding source folder /OneToOneXml/src/test/java because it overlaps with /OneToOneXml/src
2017-01-20 23:32:59,785 [Worker-25] INFO  o.e.m.c.i.p.ProjectConfigurationManager - Update completed: 2 sec
2017-01-20 23:33:00,730 [Worker-27] WARN  o.e.m.c.i.embedder.EclipseLogger - Using platform encoding (Cp1252 actually) to copy filtered resources, i.e. build is platform dependent!
2017-01-20 23:33:00,731 [Worker-27] INFO  o.e.m.c.i.embedder.EclipseLogger - skip non existing resourceDirectory E:\HiberWork\OneToOneXml\src\main\resources
2017-01-20 23:33:00,732 [Worker-27] WARN  o.e.m.c.i.embedder.EclipseLogger - Using platform encoding (Cp1252 actually) to copy filtered resources, i.e. build is platform dependent!
2017-01-20 23:33:00,733 [Worker-27] INFO  o.e.m.c.i.embedder.EclipseLogger - skip non existing resourceDirectory E:\HiberWork\OneToOneXml\src\test\resources
2017-01-20 23:34:20,044 [Worker-23] INFO  o.e.m.c.i.l.LifecycleMappingFactory - Using org.eclipse.m2e.jdt.JarLifecycleMapping lifecycle mapping for MavenProject: com.mkyong.common:HibernateExample:1.0-SNAPSHOT @ E:\HiberWork\OneToOneXml\pom.xml.
2017-01-20 23:34:21,688 [Worker-23] INFO  o.e.m.c.i.e.AbstractTransferListenerAdapter - Downloading http://repository.jboss.com/maven2/antlr/antlr/2.7.7/antlr-2.7.7.pom
2017-01-20 23:34:21,992 [Worker-23] INFO  o.e.m.c.i.e.AbstractTransferListenerAdapter - Downloaded http://repository.jboss.com/maven2/antlr/antlr/2.7.7/antlr-2.7.7.pom
2017-01-20 23:34:22,428 [Worker-23] INFO  o.e.m.c.i.e.AbstractTransferListenerAdapter - Downloaded http://repository.jboss.com/maven2/log4j/log4j/1.2.9/log4j-1.2.9.pom
2017-01-20 23:34:23,524 [Worker-23] INFO  o.e.m.c.i.e.AbstractTransferListenerAdapter - Downloading https://repo.maven.apache.org/maven2/log4j/log4j/1.2.9/log4j-1.2.9.pom
2017-01-20 23:34:23,711 [Worker-23] INFO  o.e.m.c.i.e.AbstractTransferListenerAdapter - Downloaded https://repo.maven.apache.org/maven2/log4j/log4j/1.2.9/log4j-1.2.9.pom
2017-01-20 23:34:24,374 [Worker-23] INFO  o.e.m.c.i.e.AbstractTransferListenerAdapter - Downloading http://repository.jboss.com/maven2/antlr/antlr/2.7.7/antlr-2.7.7.jar
2017-01-20 23:34:32,440 [Worker-23] INFO  o.e.m.c.i.e.AbstractTransferListenerAdapter - Downloaded http://repository.jboss.com/maven2/antlr/antlr/2.7.7/antlr-2.7.7.jar
2017-01-20 23:34:32,806 [Worker-23] INFO  o.e.m.c.i.e.AbstractTransferListenerAdapter - Downloaded http://repository.jboss.com/maven2/log4j/log4j/1.2.9/log4j-1.2.9.jar
2017-01-20 23:34:33,526 [Worker-23] INFO  o.e.m.c.i.e.AbstractTransferListenerAdapter - Downloading https://repo.maven.apache.org/maven2/log4j/log4j/1.2.9/log4j-1.2.9.jar
2017-01-20 23:34:38,232 [Worker-23] INFO  o.e.m.c.i.e.AbstractTransferListenerAdapter - Downloaded https://repo.maven.apache.org/maven2/log4j/log4j/1.2.9/log4j-1.2.9.jar
2017-01-20 23:34:42,331 [Worker-23] WARN  o.e.m.c.i.embedder.EclipseLogger - Using platform encoding (Cp1252 actually) to copy filtered resources, i.e. build is platform dependent!
2017-01-20 23:34:42,332 [Worker-23] INFO  o.e.m.c.i.embedder.EclipseLogger - skip non existing resourceDirectory E:\HiberWork\OneToOneXml\src\main\resources
2017-01-20 23:34:42,334 [Worker-23] WARN  o.e.m.c.i.embedder.EclipseLogger - Using platform encoding (Cp1252 actually) to copy filtered resources, i.e. build is platform dependent!
2017-01-20 23:34:42,335 [Worker-23] INFO  o.e.m.c.i.embedder.EclipseLogger - skip non existing resourceDirectory E:\HiberWork\OneToOneXml\src\test\resources
2017-01-20 23:34:43,892 [Worker-29] WARN  o.e.m.c.i.embedder.EclipseLogger - Using platform encoding (Cp1252 actually) to copy filtered resources, i.e. build is platform dependent!
2017-01-20 23:34:43,893 [Worker-29] INFO  o.e.m.c.i.embedder.EclipseLogger - skip non existing resourceDirectory E:\HiberWork\OneToOneXml\src\main\resources
2017-01-20 23:34:43,896 [Worker-29] WARN  o.e.m.c.i.embedder.EclipseLogger - Using platform encoding (Cp1252 actually) to copy filtered resources, i.e. build is platform dependent!
2017-01-20 23:34:43,897 [Worker-29] INFO  o.e.m.c.i.embedder.EclipseLogger - skip non existing resourceDirectory E:\HiberWork\OneToOneXml\src\test\resources
2017-01-20 23:34:58,584 [Worker-26] INFO  o.e.m.c.i.l.LifecycleMappingFactory - Using org.eclipse.m2e.jdt.JarLifecycleMapping lifecycle mapping for MavenProject: com.mypack.common:OneToOne:1.0-SNAPSHOT @ E:\HiberWork\OneToOneXml\pom.xml.
2017-01-20 23:34:59,068 [Worker-26] WARN  o.e.m.c.i.embedder.EclipseLogger - Using platform encoding (Cp1252 actually) to copy filtered resources, i.e. build is platform dependent!
2017-01-20 23:34:59,069 [Worker-26] INFO  o.e.m.c.i.embedder.EclipseLogger - skip non existing resourceDirectory E:\HiberWork\OneToOneXml\src\main\resources
2017-01-20 23:34:59,072 [Worker-26] WARN  o.e.m.c.i.embedder.EclipseLogger - Using platform encoding (Cp1252 actually) to copy filtered resources, i.e. build is platform dependent!
2017-01-20 23:34:59,073 [Worker-26] INFO  o.e.m.c.i.embedder.EclipseLogger - skip non existing resourceDirectory E:\HiberWork\OneToOneXml\src\test\resources
2017-01-20 23:36:52,736 [Worker-26] WARN  o.e.m.c.i.embedder.EclipseLogger - Using platform encoding (Cp1252 actually) to copy filtered resources, i.e. build is platform dependent!
2017-01-20 23:36:52,737 [Worker-26] INFO  o.e.m.c.i.embedder.EclipseLogger - skip non existing resourceDirectory E:\HiberWork\OneToOneXml\src\main\resources
2017-01-20 23:36:52,739 [Worker-26] WARN  o.e.m.c.i.embedder.EclipseLogger - Using platform encoding (Cp1252 actually) to copy filtered resources, i.e. build is platform dependent!
2017-01-20 23:36:52,740 [Worker-26] INFO  o.e.m.c.i.embedder.EclipseLogger - skip non existing resourceDirectory E:\HiberWork\OneToOneXml\src\test\resources
2017-01-20 23:37:10,680 [Worker-25] WARN  o.e.m.c.i.embedder.EclipseLogger - Using platform encoding (Cp1252 actually) to copy filtered resources, i.e. build is platform dependent!
2017-01-20 23:37:10,682 [Worker-25] INFO  o.e.m.c.i.embedder.EclipseLogger - skip non existing resourceDirectory E:\HiberWork\OneToOneXml\src\main\resources
2017-01-20 23:37:10,685 [Worker-25] WARN  o.e.m.c.i.embedder.EclipseLogger - Using platform encoding (Cp1252 actually) to copy filtered resources, i.e. build is platform dependent!
2017-01-20 23:37:10,685 [Worker-25] INFO  o.e.m.c.i.embedder.EclipseLogger - skip non existing resourceDirectory E:\HiberWork\OneToOneXml\src\test\resources
2017-01-20 23:37:57,995 [Worker-26] WARN  o.e.m.c.i.embedder.EclipseLogger - Using platform encoding (Cp1252 actually) to copy filtered resources, i.e. build is platform dependent!
2017-01-20 23:37:57,996 [Worker-26] INFO  o.e.m.c.i.embedder.EclipseLogger - skip non existing resourceDirectory E:\HiberWork\OneToOneXml\src\main\resources
2017-01-20 23:37:57,998 [Worker-26] WARN  o.e.m.c.i.embedder.EclipseLogger - Using platform encoding (Cp1252 actually) to copy filtered resources, i.e. build is platform dependent!
2017-01-20 23:37:57,999 [Worker-26] INFO  o.e.m.c.i.embedder.EclipseLogger - skip non existing resourceDirectory E:\HiberWork\OneToOneXml\src\test\resources
2017-01-20 23:38:19,224 [Worker-26] WARN  o.e.m.c.i.embedder.EclipseLogger - Using platform encoding (Cp1252 actually) to copy filtered resources, i.e. build is platform dependent!
2017-01-20 23:38:19,225 [Worker-26] INFO  o.e.m.c.i.embedder.EclipseLogger - skip non existing resourceDirectory E:\HiberWork\OneToOneXml\src\main\resources
2017-01-20 23:38:19,227 [Worker-26] WARN  o.e.m.c.i.embedder.EclipseLogger - Using platform encoding (Cp1252 actually) to copy filtered resources, i.e. build is platform dependent!
2017-01-20 23:38:19,230 [Worker-26] INFO  o.e.m.c.i.embedder.EclipseLogger - skip non existing resourceDirectory E:\HiberWork\OneToOneXml\src\test\resources
2017-01-20 23:39:12,112 [Worker-25] WARN  o.e.m.c.i.embedder.EclipseLogger - Using platform encoding (Cp1252 actually) to copy filtered resources, i.e. build is platform dependent!
2017-01-20 23:39:12,115 [Worker-25] INFO  o.e.m.c.i.embedder.EclipseLogger - skip non existing resourceDirectory E:\HiberWork\OneToOneXml\src\main\resources
2017-01-20 23:39:12,118 [Worker-25] WARN  o.e.m.c.i.embedder.EclipseLogger - Using platform encoding (Cp1252 actually) to copy filtered resources, i.e. build is platform dependent!
2017-01-20 23:39:12,119 [Worker-25] INFO  o.e.m.c.i.embedder.EclipseLogger - skip non existing resourceDirectory E:\HiberWork\OneToOneXml\src\test\resources
2017-01-20 23:39:34,703 [Worker-30] WARN  o.e.m.c.i.embedder.EclipseLogger - Using platform encoding (Cp1252 actually) to copy filtered resources, i.e. build is platform dependent!
2017-01-20 23:39:34,704 [Worker-30] INFO  o.e.m.c.i.embedder.EclipseLogger - skip non existing resourceDirectory E:\HiberWork\OneToOneXml\src\main\resources
2017-01-20 23:39:34,706 [Worker-30] WARN  o.e.m.c.i.embedder.EclipseLogger - Using platform encoding (Cp1252 actually) to copy filtered resources, i.e. build is platform dependent!
2017-01-20 23:39:34,707 [Worker-30] INFO  o.e.m.c.i.embedder.EclipseLogger - skip non existing resourceDirectory E:\HiberWork\OneToOneXml\src\test\resources
2017-01-20 23:40:31,185 [Worker-26] WARN  o.e.m.c.i.embedder.EclipseLogger - Using platform encoding (Cp1252 actually) to copy filtered resources, i.e. build is platform dependent!
2017-01-20 23:40:31,188 [Worker-26] INFO  o.e.m.c.i.embedder.EclipseLogger - skip non existing resourceDirectory E:\HiberWork\OneToOneXml\src\main\resources
2017-01-20 23:40:31,195 [Worker-26] WARN  o.e.m.c.i.embedder.EclipseLogger - Using platform encoding (Cp1252 actually) to copy filtered resources, i.e. build is platform dependent!
2017-01-20 23:40:31,196 [Worker-26] INFO  o.e.m.c.i.embedder.EclipseLogger - skip non existing resourceDirectory E:\HiberWork\OneToOneXml\src\test\resources
2017-01-20 23:40:49,302 [Worker-6] WARN  o.e.m.c.i.embedder.EclipseLogger - Using platform encoding (Cp1252 actually) to copy filtered resources, i.e. build is platform dependent!
2017-01-20 23:40:49,303 [Worker-6] INFO  o.e.m.c.i.embedder.EclipseLogger - skip non existing resourceDirectory E:\HiberWork\OneToOneXml\src\main\resources
2017-01-20 23:40:49,305 [Worker-6] WARN  o.e.m.c.i.embedder.EclipseLogger - Using platform encoding (Cp1252 actually) to copy filtered resources, i.e. build is platform dependent!
2017-01-20 23:40:49,306 [Worker-6] INFO  o.e.m.c.i.embedder.EclipseLogger - skip non existing resourceDirectory E:\HiberWork\OneToOneXml\src\test\resources
2017-01-20 23:40:56,296 [Worker-25] WARN  o.e.m.c.i.embedder.EclipseLogger - Using platform encoding (Cp1252 actually) to copy filtered resources, i.e. build is platform dependent!
2017-01-20 23:40:56,297 [Worker-25] INFO  o.e.m.c.i.embedder.EclipseLogger - skip non existing resourceDirectory E:\HiberWork\OneToOneXml\src\main\resources
2017-01-20 23:40:56,298 [Worker-25] WARN  o.e.m.c.i.embedder.EclipseLogger - Using platform encoding (Cp1252 actually) to copy filtered resources, i.e. build is platform dependent!
2017-01-20 23:40:56,299 [Worker-25] INFO  o.e.m.c.i.embedder.EclipseLogger - skip non existing resourceDirectory E:\HiberWork\OneToOneXml\src\test\resources
2017-01-20 23:44:13,252 [Worker-23] WARN  o.e.m.c.i.embedder.EclipseLogger - Using platform encoding (Cp1252 actually) to copy filtered resources, i.e. build is platform dependent!
2017-01-20 23:44:13,271 [Worker-23] INFO  o.e.m.c.i.embedder.EclipseLogger - Copying 0 resource
2017-01-20 23:44:13,276 [Worker-23] WARN  o.e.m.c.i.embedder.EclipseLogger - Using platform encoding (Cp1252 actually) to copy filtered resources, i.e. build is platform dependent!
2017-01-20 23:44:13,277 [Worker-23] INFO  o.e.m.c.i.embedder.EclipseLogger - skip non existing resourceDirectory E:\HiberWork\OneToOneXml\src\test\resources
2017-01-20 23:45:25,551 [Worker-27] WARN  o.e.m.c.i.embedder.EclipseLogger - Using platform encoding (Cp1252 actually) to copy filtered resources, i.e. build is platform dependent!
2017-01-20 23:45:25,553 [Worker-27] INFO  o.e.m.c.i.embedder.EclipseLogger - Copying 0 resource
2017-01-20 23:45:25,555 [Worker-27] WARN  o.e.m.c.i.embedder.EclipseLogger - Using platform encoding (Cp1252 actually) to copy filtered resources, i.e. build is platform dependent!
2017-01-20 23:45:25,556 [Worker-27] INFO  o.e.m.c.i.embedder.EclipseLogger - skip non existing resourceDirectory E:\HiberWork\OneToOneXml\src\test\resources
2017-01-20 23:46:13,613 [Worker-6] WARN  o.e.m.c.i.embedder.EclipseLogger - Using platform encoding (Cp1252 actually) to copy filtered resources, i.e. build is platform dependent!
2017-01-20 23:46:13,615 [Worker-6] INFO  o.e.m.c.i.embedder.EclipseLogger - Copying 0 resource
2017-01-20 23:46:13,617 [Worker-6] WARN  o.e.m.c.i.embedder.EclipseLogger - Using platform encoding (Cp1252 actually) to copy filtered resources, i.e. build is platform dependent!
2017-01-20 23:46:13,618 [Worker-6] INFO  o.e.m.c.i.embedder.EclipseLogger - skip non existing resourceDirectory E:\HiberWork\OneToOneXml\src\test\resources
2017-01-20 23:47:03,889 [Worker-6] WARN  o.e.m.c.i.embedder.EclipseLogger - Using platform encoding (Cp1252 actually) to copy filtered resources, i.e. build is platform dependent!
2017-01-20 23:47:03,891 [Worker-6] INFO  o.e.m.c.i.embedder.EclipseLogger - Copying 0 resource
2017-01-20 23:47:03,893 [Worker-6] WARN  o.e.m.c.i.embedder.EclipseLogger - Using platform encoding (Cp1252 actually) to copy filtered resources, i.e. build is platform dependent!
2017-01-20 23:47:03,895 [Worker-6] INFO  o.e.m.c.i.embedder.EclipseLogger - skip non existing resourceDirectory E:\HiberWork\OneToOneXml\src\test\resources
2017-01-20 23:48:29,941 [Worker-23] WARN  o.e.m.c.i.embedder.EclipseLogger - Using platform encoding (Cp1252 actually) to copy filtered resources, i.e. build is platform dependent!
2017-01-20 23:48:29,942 [Worker-23] INFO  o.e.m.c.i.embedder.EclipseLogger - Copying 0 resource
2017-01-20 23:48:29,946 [Worker-23] WARN  o.e.m.c.i.embedder.EclipseLogger - Using platform encoding (Cp1252 actually) to copy filtered resources, i.e. build is platform dependent!
2017-01-20 23:48:29,947 [Worker-23] INFO  o.e.m.c.i.embedder.EclipseLogger - skip non existing resourceDirectory E:\HiberWork\OneToOneXml\src\test\resources
2017-01-20 23:48:58,543 [Worker-26] WARN  o.e.m.c.i.embedder.EclipseLogger - Using platform encoding (Cp1252 actually) to copy filtered resources, i.e. build is platform dependent!
2017-01-20 23:48:58,548 [Worker-26] INFO  o.e.m.c.i.embedder.EclipseLogger - Copying 1 resource
2017-01-20 23:48:58,567 [Worker-26] WARN  o.e.m.c.i.embedder.EclipseLogger - Using platform encoding (Cp1252 actually) to copy filtered resources, i.e. build is platform dependent!
2017-01-20 23:48:58,568 [Worker-26] INFO  o.e.m.c.i.embedder.EclipseLogger - skip non existing resourceDirectory E:\HiberWork\OneToOneXml\src\test\resources
2017-01-20 23:49:19,173 [Worker-23] WARN  o.e.m.c.i.embedder.EclipseLogger - Using platform encoding (Cp1252 actually) to copy filtered resources, i.e. build is platform dependent!
2017-01-20 23:49:19,174 [Worker-23] INFO  o.e.m.c.i.embedder.EclipseLogger - Copying 1 resource
2017-01-20 23:49:19,179 [Worker-23] WARN  o.e.m.c.i.embedder.EclipseLogger - Using platform encoding (Cp1252 actually) to copy filtered resources, i.e. build is platform dependent!
2017-01-20 23:49:19,180 [Worker-23] INFO  o.e.m.c.i.embedder.EclipseLogger - skip non existing resourceDirectory E:\HiberWork\OneToOneXml\src\test\resources
2017-01-20 23:49:51,186 [Worker-29] WARN  o.e.m.c.i.embedder.EclipseLogger - Using platform encoding (Cp1252 actually) to copy filtered resources, i.e. build is platform dependent!
2017-01-20 23:49:51,188 [Worker-29] INFO  o.e.m.c.i.embedder.EclipseLogger - Copying 1 resource
2017-01-20 23:49:51,190 [Worker-29] WARN  o.e.m.c.i.embedder.EclipseLogger - Using platform encoding (Cp1252 actually) to copy filtered resources, i.e. build is platform dependent!
2017-01-20 23:49:51,191 [Worker-29] INFO  o.e.m.c.i.embedder.EclipseLogger - skip non existing resourceDirectory E:\HiberWork\OneToOneXml\src\test\resources
2017-01-20 23:50:04,791 [Worker-6] WARN  o.e.m.c.i.embedder.EclipseLogger - Using platform encoding (Cp1252 actually) to copy filtered resources, i.e. build is platform dependent!
2017-01-20 23:50:04,793 [Worker-6] INFO  o.e.m.c.i.embedder.EclipseLogger - Copying 1 resource
2017-01-20 23:50:04,795 [Worker-6] WARN  o.e.m.c.i.embedder.EclipseLogger - Using platform encoding (Cp1252 actually) to copy filtered resources, i.e. build is platform dependent!
2017-01-20 23:50:04,796 [Worker-6] INFO  o.e.m.c.i.embedder.EclipseLogger - skip non existing resourceDirectory E:\HiberWork\OneToOneXml\src\test\resources
2017-01-20 23:50:11,071 [Worker-29] WARN  o.e.m.c.i.embedder.EclipseLogger - Using platform encoding (Cp1252 actually) to copy filtered resources, i.e. build is platform dependent!
2017-01-20 23:50:11,073 [Worker-29] INFO  o.e.m.c.i.embedder.EclipseLogger - Copying 1 resource
2017-01-20 23:50:11,075 [Worker-29] WARN  o.e.m.c.i.embedder.EclipseLogger - Using platform encoding (Cp1252 actually) to copy filtered resources, i.e. build is platform dependent!
2017-01-20 23:50:11,076 [Worker-29] INFO  o.e.m.c.i.embedder.EclipseLogger - skip non existing resourceDirectory E:\HiberWork\OneToOneXml\src\test\resources
2017-01-20 23:50:17,826 [Worker-26] WARN  o.e.m.c.i.embedder.EclipseLogger - Using platform encoding (Cp1252 actually) to copy filtered resources, i.e. build is platform dependent!
2017-01-20 23:50:17,828 [Worker-26] INFO  o.e.m.c.i.embedder.EclipseLogger - Copying 1 resource
2017-01-20 23:50:17,830 [Worker-26] WARN  o.e.m.c.i.embedder.EclipseLogger - Using platform encoding (Cp1252 actually) to copy filtered resources, i.e. build is platform dependent!
2017-01-20 23:50:17,831 [Worker-26] INFO  o.e.m.c.i.embedder.EclipseLogger - skip non existing resourceDirectory E:\HiberWork\OneToOneXml\src\test\resources
2017-01-20 23:50:38,704 [Worker-26] WARN  o.e.m.c.i.embedder.EclipseLogger - Using platform encoding (Cp1252 actually) to copy filtered resources, i.e. build is platform dependent!
2017-01-20 23:50:38,706 [Worker-26] INFO  o.e.m.c.i.embedder.EclipseLogger - Copying 1 resource
2017-01-20 23:50:38,707 [Worker-26] WARN  o.e.m.c.i.embedder.EclipseLogger - Using platform encoding (Cp1252 actually) to copy filtered resources, i.e. build is platform dependent!
2017-01-20 23:50:38,708 [Worker-26] INFO  o.e.m.c.i.embedder.EclipseLogger - skip non existing resourceDirectory E:\HiberWork\OneToOneXml\src\test\resources
2017-01-20 23:51:11,510 [Worker-23] WARN  o.e.m.c.i.embedder.EclipseLogger - Using platform encoding (Cp1252 actually) to copy filtered resources, i.e. build is platform dependent!
2017-01-20 23:51:11,513 [Worker-23] INFO  o.e.m.c.i.embedder.EclipseLogger - Copying 2 resources
2017-01-20 23:51:11,517 [Worker-23] WARN  o.e.m.c.i.embedder.EclipseLogger - Using platform encoding (Cp1252 actually) to copy filtered resources, i.e. build is platform dependent!
2017-01-20 23:51:11,518 [Worker-23] INFO  o.e.m.c.i.embedder.EclipseLogger - skip non existing resourceDirectory E:\HiberWork\OneToOneXml\src\test\resources
2017-01-20 23:51:25,643 [Worker-32] WARN  o.e.m.c.i.embedder.EclipseLogger - Using platform encoding (Cp1252 actually) to copy filtered resources, i.e. build is platform dependent!
2017-01-20 23:51:25,646 [Worker-32] INFO  o.e.m.c.i.embedder.EclipseLogger - Copying 2 resources
2017-01-20 23:51:25,649 [Worker-32] WARN  o.e.m.c.i.embedder.EclipseLogger - Using platform encoding (Cp1252 actually) to copy filtered resources, i.e. build is platform dependent!
2017-01-20 23:51:25,650 [Worker-32] INFO  o.e.m.c.i.embedder.EclipseLogger - skip non existing resourceDirectory E:\HiberWork\OneToOneXml\src\test\resources
2017-01-20 23:53:00,016 [Worker-34] WARN  o.e.m.c.i.embedder.EclipseLogger - Using platform encoding (Cp1252 actually) to copy filtered resources, i.e. build is platform dependent!
2017-01-20 23:53:00,017 [Worker-34] INFO  o.e.m.c.i.embedder.EclipseLogger - Copying 3 resources
2017-01-20 23:53:00,023 [Worker-34] WARN  o.e.m.c.i.embedder.EclipseLogger - Using platform encoding (Cp1252 actually) to copy filtered resources, i.e. build is platform dependent!
2017-01-20 23:53:00,024 [Worker-34] INFO  o.e.m.c.i.embedder.EclipseLogger - skip non existing resourceDirectory E:\HiberWork\OneToOneXml\src\test\resources
2017-01-20 23:53:17,883 [Worker-26] WARN  o.e.m.c.i.embedder.EclipseLogger - Using platform encoding (Cp1252 actually) to copy filtered resources, i.e. build is platform dependent!
2017-01-20 23:53:17,886 [Worker-26] INFO  o.e.m.c.i.embedder.EclipseLogger - Copying 3 resources
2017-01-20 23:53:17,892 [Worker-26] WARN  o.e.m.c.i.embedder.EclipseLogger - Using platform encoding (Cp1252 actually) to copy filtered resources, i.e. build is platform dependent!
2017-01-20 23:53:17,893 [Worker-26] INFO  o.e.m.c.i.embedder.EclipseLogger - skip non existing resourceDirectory E:\HiberWork\OneToOneXml\src\test\resources
2017-01-20 23:54:20,069 [Worker-6] INFO  o.e.m.c.i.p.ProjectConfigurationManager - Update started
2017-01-20 23:54:21,016 [Worker-6] INFO  o.e.m.c.i.l.LifecycleMappingFactory - Using org.eclipse.m2e.jdt.JarLifecycleMapping lifecycle mapping for MavenProject: com.mypack.common:OneToOne:1.0-SNAPSHOT @ E:\HiberWork\OneToOneXml\pom.xml.
2017-01-20 23:54:21,553 [Worker-6] INFO  o.e.m.j.i.AbstractJavaProjectConfigurator - Not adding source folder /OneToOneXml/src/main/java because it overlaps with /OneToOneXml/src
2017-01-20 23:54:21,554 [Worker-6] INFO  o.e.m.j.i.AbstractJavaProjectConfigurator - Resources folder /OneToOneXml/src/main/resources overlaps with sources folder /OneToOneXml/src
2017-01-20 23:54:21,554 [Worker-6] INFO  o.e.m.j.i.AbstractJavaProjectConfigurator - Not adding source folder /OneToOneXml/src/test/java because it overlaps with /OneToOneXml/src
2017-01-20 23:54:21,926 [Worker-6] INFO  o.e.m.c.i.p.ProjectConfigurationManager - Update completed: 1 sec
2017-01-20 23:54:22,261 [Worker-34] WARN  o.e.m.c.i.embedder.EclipseLogger - Using platform encoding (Cp1252 actually) to copy filtered resources, i.e. build is platform dependent!
2017-01-20 23:54:22,264 [Worker-34] INFO  o.e.m.c.i.embedder.EclipseLogger - Copying 3 resources
2017-01-20 23:54:22,276 [Worker-34] WARN  o.e.m.c.i.embedder.EclipseLogger - Using platform encoding (Cp1252 actually) to copy filtered resources, i.e. build is platform dependent!
2017-01-20 23:54:22,277 [Worker-34] INFO  o.e.m.c.i.embedder.EclipseLogger - skip non existing resourceDirectory E:\HiberWork\OneToOneXml\src\test\resources
2017-01-20 23:54:43,666 [main] INFO  o.e.m2e.actions.ExecutePomAction - Creating new launch configuration
2017-01-20 23:54:53,820 [Worker-37] INFO  o.e.m.i.launch.MavenLaunchDelegate - E:\HiberWork\OneToOneXml
2017-01-20 23:54:53,821 [Worker-37] INFO  o.e.m.i.launch.MavenLaunchDelegate -  mvn  -B clean install
2017-01-20 23:55:23,704 [Worker-36] INFO  o.e.m.i.launch.MavenLaunchDelegate - E:\HiberWork\OneToOneXml
2017-01-20 23:55:23,705 [Worker-36] INFO  o.e.m.i.launch.MavenLaunchDelegate -  mvn  -B test
2017-01-20 23:55:30,540 [Worker-34] WARN  o.e.m.c.i.embedder.EclipseLogger - Using platform encoding (Cp1252 actually) to copy filtered resources, i.e. build is platform dependent!
2017-01-20 23:55:30,544 [Worker-34] INFO  o.e.m.c.i.embedder.EclipseLogger - Copying 3 resources
2017-01-20 23:55:30,545 [Worker-34] WARN  o.e.m.c.i.embedder.EclipseLogger - Using platform encoding (Cp1252 actually) to copy filtered resources, i.e. build is platform dependent!
2017-01-20 23:55:30,546 [Worker-34] INFO  o.e.m.c.i.embedder.EclipseLogger - skip non existing resourceDirectory E:\HiberWork\OneToOneXml\src\test\resources
2017-01-20 23:57:17,656 [Worker-33] WARN  o.e.m.c.i.embedder.EclipseLogger - Using platform encoding (Cp1252 actually) to copy filtered resources, i.e. build is platform dependent!
2017-01-20 23:57:17,657 [Worker-33] INFO  o.e.m.c.i.embedder.EclipseLogger - Copying 0 resource
2017-01-20 23:57:17,658 [Worker-33] WARN  o.e.m.c.i.embedder.EclipseLogger - Using platform encoding (Cp1252 actually) to copy filtered resources, i.e. build is platform dependent!
2017-01-20 23:57:17,659 [Worker-33] INFO  o.e.m.c.i.embedder.EclipseLogger - skip non existing resourceDirectory E:\HiberWork\OneToOneXml\src\test\resources
2017-01-21 00:40:54,216 [Worker-38] WARN  o.e.m.c.i.embedder.EclipseLogger - Using platform encoding (Cp1252 actually) to copy filtered resources, i.e. build is platform dependent!
2017-01-21 00:40:54,220 [Worker-38] INFO  o.e.m.c.i.embedder.EclipseLogger - Copying 0 resource
2017-01-21 00:40:54,222 [Worker-38] WARN  o.e.m.c.i.embedder.EclipseLogger - Using platform encoding (Cp1252 actually) to copy filtered resources, i.e. build is platform dependent!
2017-01-21 00:40:54,224 [Worker-38] INFO  o.e.m.c.i.embedder.EclipseLogger - skip non existing resourceDirectory E:\HiberWork\OneToOneXml\src\test\resources
2017-01-21 10:36:02,427 [Worker-5] WARN  o.e.m.c.i.embedder.EclipseLogger - Using platform encoding (Cp1252 actually) to copy filtered resources, i.e. build is platform dependent!
2017-01-21 10:36:02,468 [Worker-5] INFO  o.e.m.c.i.embedder.EclipseLogger - Copying 3 resources
2017-01-21 10:36:02,506 [Worker-5] WARN  o.e.m.c.i.embedder.EclipseLogger - Using platform encoding (Cp1252 actually) to copy filtered resources, i.e. build is platform dependent!
2017-01-21 10:36:02,507 [Worker-5] INFO  o.e.m.c.i.embedder.EclipseLogger - skip non existing resourceDirectory E:\HiberWork\OneToOneXml\src\test\resources
2017-01-21 10:41:18,577 [Worker-19] INFO  o.e.m.c.i.l.LifecycleMappingFactory - Using org.eclipse.m2e.jdt.JarLifecycleMapping lifecycle mapping for MavenProject: com.mypack.common:OneToOne:1.0-SNAPSHOT @ E:\HiberWork\OneToOneXml\pom.xml.
2017-01-21 10:41:19,681 [Worker-19] INFO  o.e.m.c.i.e.AbstractTransferListenerAdapter - Downloaded https://repo.maven.apache.org/maven2/hibernate/hibernate3/3.2.3.GA/hibernate3-3.2.3.GA.pom
2017-01-21 10:41:19,685 [Worker-19] WARN  o.e.m.c.i.embedder.EclipseLogger - The POM for hibernate:hibernate3:jar:3.2.3.GA is missing, no dependency information available
2017-01-21 10:41:19,956 [Worker-19] INFO  o.e.m.c.i.e.AbstractTransferListenerAdapter - Downloaded https://repo.maven.apache.org/maven2/hibernate-annotations/hibernate-annotations/3.3.0.GA/hibernate-annotations-3.3.0.GA.pom
2017-01-21 10:41:19,961 [Worker-19] WARN  o.e.m.c.i.embedder.EclipseLogger - The POM for hibernate-annotations:hibernate-annotations:jar:3.3.0.GA is missing, no dependency information available
2017-01-21 10:41:20,107 [Worker-19] INFO  o.e.m.c.i.e.AbstractTransferListenerAdapter - Downloaded https://repo.maven.apache.org/maven2/hibernate-commons-annotations/hibernate-commons-annotations/3.0.0.GA/hibernate-commons-annotations-3.0.0.GA.pom
2017-01-21 10:41:20,110 [Worker-19] WARN  o.e.m.c.i.embedder.EclipseLogger - The POM for hibernate-commons-annotations:hibernate-commons-annotations:jar:3.0.0.GA is missing, no dependency information available
2017-01-21 10:41:20,784 [Worker-19] INFO  o.e.m.c.i.e.AbstractTransferListenerAdapter - Downloaded https://repo.maven.apache.org/maven2/hibernate/hibernate3/3.2.3.GA/hibernate3-3.2.3.GA.jar
2017-01-21 10:41:21,013 [Worker-19] INFO  o.e.m.c.i.e.AbstractTransferListenerAdapter - Downloaded https://repo.maven.apache.org/maven2/hibernate-annotations/hibernate-annotations/3.3.0.GA/hibernate-annotations-3.3.0.GA.jar
2017-01-21 10:41:21,153 [Worker-19] INFO  o.e.m.c.i.e.AbstractTransferListenerAdapter - Downloaded https://repo.maven.apache.org/maven2/hibernate-commons-annotations/hibernate-commons-annotations/3.0.0.GA/hibernate-commons-annotations-3.0.0.GA.jar
2017-01-21 10:41:22,890 [Worker-19] WARN  o.e.m.c.i.embedder.EclipseLogger - Using platform encoding (Cp1252 actually) to copy filtered resources, i.e. build is platform dependent!
2017-01-21 10:41:22,894 [Worker-19] INFO  o.e.m.c.i.embedder.EclipseLogger - Copying 0 resource
2017-01-21 10:41:22,898 [Worker-19] WARN  o.e.m.c.i.embedder.EclipseLogger - Using platform encoding (Cp1252 actually) to copy filtered resources, i.e. build is platform dependent!
2017-01-21 10:41:22,899 [Worker-19] INFO  o.e.m.c.i.embedder.EclipseLogger - skip non existing resourceDirectory E:\HiberWork\OneToOneXml\src\test\resources
2017-01-21 10:41:42,525 [Worker-16] INFO  o.e.m.c.i.p.ProjectConfigurationManager - Update started
2017-01-21 10:41:43,636 [Worker-16] INFO  o.e.m.c.i.l.LifecycleMappingFactory - Using org.eclipse.m2e.jdt.JarLifecycleMapping lifecycle mapping for MavenProject: com.mypack.common:OneToOne:1.0-SNAPSHOT @ E:\HiberWork\OneToOneXml\pom.xml.
2017-01-21 10:41:43,785 [Worker-16] INFO  o.e.m.c.i.e.AbstractTransferListenerAdapter - Downloaded https://repo.maven.apache.org/maven2/hibernate/hibernate3/3.2.3.GA/hibernate3-3.2.3.GA.pom
2017-01-21 10:41:43,788 [Worker-16] WARN  o.e.m.c.i.embedder.EclipseLogger - The POM for hibernate:hibernate3:jar:3.2.3.GA is missing, no dependency information available
2017-01-21 10:41:43,948 [Worker-16] INFO  o.e.m.c.i.e.AbstractTransferListenerAdapter - Downloaded https://repo.maven.apache.org/maven2/hibernate-annotations/hibernate-annotations/3.3.0.GA/hibernate-annotations-3.3.0.GA.pom
2017-01-21 10:41:43,950 [Worker-16] WARN  o.e.m.c.i.embedder.EclipseLogger - The POM for hibernate-annotations:hibernate-annotations:jar:3.3.0.GA is missing, no dependency information available
2017-01-21 10:41:44,092 [Worker-16] INFO  o.e.m.c.i.e.AbstractTransferListenerAdapter - Downloaded https://repo.maven.apache.org/maven2/hibernate-commons-annotations/hibernate-commons-annotations/3.0.0.GA/hibernate-commons-annotations-3.0.0.GA.pom
2017-01-21 10:41:44,095 [Worker-16] WARN  o.e.m.c.i.embedder.EclipseLogger - The POM for hibernate-commons-annotations:hibernate-commons-annotations:jar:3.0.0.GA is missing, no dependency information available
2017-01-21 10:41:44,330 [Worker-16] INFO  o.e.m.c.i.e.AbstractTransferListenerAdapter - Downloaded https://repo.maven.apache.org/maven2/hibernate/hibernate3/3.2.3.GA/hibernate3-3.2.3.GA.jar
2017-01-21 10:41:44,472 [Worker-16] INFO  o.e.m.c.i.e.AbstractTransferListenerAdapter - Downloaded https://repo.maven.apache.org/maven2/hibernate-annotations/hibernate-annotations/3.3.0.GA/hibernate-annotations-3.3.0.GA.jar
2017-01-21 10:41:44,608 [Worker-16] INFO  o.e.m.c.i.e.AbstractTransferListenerAdapter - Downloaded https://repo.maven.apache.org/maven2/hibernate-commons-annotations/hibernate-commons-annotations/3.0.0.GA/hibernate-commons-annotations-3.0.0.GA.jar
2017-01-21 10:41:44,973 [Worker-16] INFO  o.e.m.j.i.AbstractJavaProjectConfigurator - Adding source folder /OneToOneXml/src/main/java
2017-01-21 10:41:44,974 [Worker-16] INFO  o.e.m.j.i.AbstractJavaProjectConfigurator - Adding resource folder /OneToOneXml/src/main/resources
2017-01-21 10:41:44,984 [Worker-16] INFO  o.e.m.j.i.AbstractJavaProjectConfigurator - Adding source folder /OneToOneXml/src/test/java
2017-01-21 10:41:45,350 [Worker-16] INFO  o.e.m.c.i.p.ProjectConfigurationManager - Update completed: 2 sec
2017-01-21 10:41:45,732 [Worker-19] WARN  o.e.m.c.i.embedder.EclipseLogger - The POM for hibernate:hibernate3:jar:3.2.3.GA is missing, no dependency information available
2017-01-21 10:41:45,738 [Worker-19] WARN  o.e.m.c.i.embedder.EclipseLogger - The POM for hibernate-annotations:hibernate-annotations:jar:3.3.0.GA is missing, no dependency information available
2017-01-21 10:41:45,746 [Worker-19] WARN  o.e.m.c.i.embedder.EclipseLogger - The POM for hibernate-commons-annotations:hibernate-commons-annotations:jar:3.0.0.GA is missing, no dependency information available
2017-01-21 10:41:45,901 [Worker-19] WARN  o.e.m.c.i.embedder.EclipseLogger - Using platform encoding (Cp1252 actually) to copy filtered resources, i.e. build is platform dependent!
2017-01-21 10:41:45,905 [Worker-19] INFO  o.e.m.c.i.embedder.EclipseLogger - Copying 3 resources
2017-01-21 10:41:45,927 [Worker-19] WARN  o.e.m.c.i.embedder.EclipseLogger - Using platform encoding (Cp1252 actually) to copy filtered resources, i.e. build is platform dependent!
2017-01-21 10:41:45,928 [Worker-19] INFO  o.e.m.c.i.embedder.EclipseLogger - skip non existing resourceDirectory E:\HiberWork\OneToOneXml\src\test\resources
2017-01-21 10:42:08,525 [Worker-18] WARN  o.e.m.c.i.embedder.EclipseLogger - Using platform encoding (Cp1252 actually) to copy filtered resources, i.e. build is platform dependent!
2017-01-21 10:42:08,534 [Worker-18] INFO  o.e.m.c.i.embedder.EclipseLogger - Copying 3 resources
2017-01-21 10:42:08,537 [Worker-18] WARN  o.e.m.c.i.embedder.EclipseLogger - Using platform encoding (Cp1252 actually) to copy filtered resources, i.e. build is platform dependent!
2017-01-21 10:42:08,538 [Worker-18] INFO  o.e.m.c.i.embedder.EclipseLogger - skip non existing resourceDirectory E:\HiberWork\OneToOneXml\src\test\resources
2017-01-21 10:42:41,591 [Worker-16] WARN  o.e.m.c.i.embedder.EclipseLogger - Using platform encoding (Cp1252 actually) to copy filtered resources, i.e. build is platform dependent!
2017-01-21 10:42:41,593 [Worker-16] INFO  o.e.m.c.i.embedder.EclipseLogger - Copying 3 resources
2017-01-21 10:42:41,595 [Worker-16] WARN  o.e.m.c.i.embedder.EclipseLogger - Using platform encoding (Cp1252 actually) to copy filtered resources, i.e. build is platform dependent!
2017-01-21 10:42:41,595 [Worker-16] INFO  o.e.m.c.i.embedder.EclipseLogger - skip non existing resourceDirectory E:\HiberWork\OneToOneXml\src\test\resources
2017-01-21 11:12:41,571 [Worker-24] WARN  o.e.m.c.i.embedder.EclipseLogger - Using platform encoding (Cp1252 actually) to copy filtered resources, i.e. build is platform dependent!
2017-01-21 11:12:41,574 [Worker-24] INFO  o.e.m.c.i.embedder.EclipseLogger - Copying 3 resources
2017-01-21 11:12:41,576 [Worker-24] WARN  o.e.m.c.i.embedder.EclipseLogger - Using platform encoding (Cp1252 actually) to copy filtered resources, i.e. build is platform dependent!
2017-01-21 11:12:41,577 [Worker-24] INFO  o.e.m.c.i.embedder.EclipseLogger - skip non existing resourceDirectory E:\HiberWork\OneToOneXml\src\test\resources
2017-01-21 11:13:04,565 [Worker-25] INFO  o.e.m.c.i.l.LifecycleMappingFactory - Using org.eclipse.m2e.jdt.JarLifecycleMapping lifecycle mapping for MavenProject: com.mypack.common:OneToOne:1.0-SNAPSHOT @ E:\HiberWork\OneToOneXml\pom.xml.
2017-01-21 11:13:05,165 [Worker-25] WARN  o.e.m.c.i.embedder.EclipseLogger - Using platform encoding (Cp1252 actually) to copy filtered resources, i.e. build is platform dependent!
2017-01-21 11:13:05,168 [Worker-25] INFO  o.e.m.c.i.embedder.EclipseLogger - Copying 0 resource
2017-01-21 11:13:05,172 [Worker-25] WARN  o.e.m.c.i.embedder.EclipseLogger - Using platform encoding (Cp1252 actually) to copy filtered resources, i.e. build is platform dependent!
2017-01-21 11:13:05,173 [Worker-25] INFO  o.e.m.c.i.embedder.EclipseLogger - skip non existing resourceDirectory E:\HiberWork\OneToOneXml\src\test\resources
2017-01-21 11:19:37,796 [Worker-30] WARN  o.e.m.c.i.embedder.EclipseLogger - Using platform encoding (Cp1252 actually) to copy filtered resources, i.e. build is platform dependent!
2017-01-21 11:19:37,798 [Worker-30] INFO  o.e.m.c.i.embedder.EclipseLogger - Copying 3 resources
2017-01-21 11:19:37,812 [Worker-30] WARN  o.e.m.c.i.embedder.EclipseLogger - Using platform encoding (Cp1252 actually) to copy filtered resources, i.e. build is platform dependent!
2017-01-21 11:19:37,813 [Worker-30] INFO  o.e.m.c.i.embedder.EclipseLogger - skip non existing resourceDirectory E:\HiberWork\OneToOneXml\src\test\resources
2017-01-21 11:19:50,542 [Worker-30] WARN  o.e.m.c.i.embedder.EclipseLogger - Using platform encoding (Cp1252 actually) to copy filtered resources, i.e. build is platform dependent!
2017-01-21 11:19:50,544 [Worker-30] INFO  o.e.m.c.i.embedder.EclipseLogger - Copying 3 resources
2017-01-21 11:19:50,547 [Worker-30] WARN  o.e.m.c.i.embedder.EclipseLogger - Using platform encoding (Cp1252 actually) to copy filtered resources, i.e. build is platform dependent!
2017-01-21 11:19:50,548 [Worker-30] INFO  o.e.m.c.i.embedder.EclipseLogger - skip non existing resourceDirectory E:\HiberWork\OneToOneXml\src\test\resources
2017-01-21 11:22:19,966 [Worker-19] WARN  o.e.m.c.i.embedder.EclipseLogger - Using platform encoding (Cp1252 actually) to copy filtered resources, i.e. build is platform dependent!
2017-01-21 11:22:19,970 [Worker-19] INFO  o.e.m.c.i.embedder.EclipseLogger - Copying 3 resources
2017-01-21 11:22:19,973 [Worker-19] WARN  o.e.m.c.i.embedder.EclipseLogger - Using platform encoding (Cp1252 actually) to copy filtered resources, i.e. build is platform dependent!
2017-01-21 11:22:19,975 [Worker-19] INFO  o.e.m.c.i.embedder.EclipseLogger - skip non existing resourceDirectory E:\HiberWork\OneToOneXml\src\test\resources
2017-01-21 11:22:49,783 [Worker-31] WARN  o.e.m.c.i.embedder.EclipseLogger - Using platform encoding (Cp1252 actually) to copy filtered resources, i.e. build is platform dependent!
2017-01-21 11:22:49,786 [Worker-31] INFO  o.e.m.c.i.embedder.EclipseLogger - Copying 3 resources
2017-01-21 11:22:49,789 [Worker-31] WARN  o.e.m.c.i.embedder.EclipseLogger - Using platform encoding (Cp1252 actually) to copy filtered resources, i.e. build is platform dependent!
2017-01-21 11:22:49,789 [Worker-31] INFO  o.e.m.c.i.embedder.EclipseLogger - skip non existing resourceDirectory E:\HiberWork\OneToOneXml\src\test\resources
2017-01-21 11:22:59,046 [Worker-35] WARN  o.e.m.c.i.embedder.EclipseLogger - Using platform encoding (Cp1252 actually) to copy filtered resources, i.e. build is platform dependent!
2017-01-21 11:22:59,048 [Worker-35] INFO  o.e.m.c.i.embedder.EclipseLogger - Copying 3 resources
2017-01-21 11:22:59,051 [Worker-35] WARN  o.e.m.c.i.embedder.EclipseLogger - Using platform encoding (Cp1252 actually) to copy filtered resources, i.e. build is platform dependent!
2017-01-21 11:22:59,052 [Worker-35] INFO  o.e.m.c.i.embedder.EclipseLogger - skip non existing resourceDirectory E:\HiberWork\OneToOneXml\src\test\resources
2017-01-21 11:25:27,609 [Worker-36] WARN  o.e.m.c.i.embedder.EclipseLogger - Using platform encoding (Cp1252 actually) to copy filtered resources, i.e. build is platform dependent!
2017-01-21 11:25:27,611 [Worker-36] INFO  o.e.m.c.i.embedder.EclipseLogger - Copying 3 resources
2017-01-21 11:25:27,614 [Worker-36] WARN  o.e.m.c.i.embedder.EclipseLogger - Using platform encoding (Cp1252 actually) to copy filtered resources, i.e. build is platform dependent!
2017-01-21 11:25:27,615 [Worker-36] INFO  o.e.m.c.i.embedder.EclipseLogger - skip non existing resourceDirectory E:\HiberWork\OneToOneXml\src\test\resources
2017-01-21 11:25:35,438 [Worker-33] WARN  o.e.m.c.i.embedder.EclipseLogger - Using platform encoding (Cp1252 actually) to copy filtered resources, i.e. build is platform dependent!
2017-01-21 11:25:35,439 [Worker-33] INFO  o.e.m.c.i.embedder.EclipseLogger - Copying 3 resources
2017-01-21 11:25:35,443 [Worker-33] WARN  o.e.m.c.i.embedder.EclipseLogger - Using platform encoding (Cp1252 actually) to copy filtered resources, i.e. build is platform dependent!
2017-01-21 11:25:35,444 [Worker-33] INFO  o.e.m.c.i.embedder.EclipseLogger - skip non existing resourceDirectory E:\HiberWork\OneToOneXml\src\test\resources
2017-01-21 11:25:51,484 [Worker-35] WARN  o.e.m.c.i.embedder.EclipseLogger - Using platform encoding (Cp1252 actually) to copy filtered resources, i.e. build is platform dependent!
2017-01-21 11:25:51,485 [Worker-35] INFO  o.e.m.c.i.embedder.EclipseLogger - Copying 3 resources
2017-01-21 11:25:51,487 [Worker-35] WARN  o.e.m.c.i.embedder.EclipseLogger - Using platform encoding (Cp1252 actually) to copy filtered resources, i.e. build is platform dependent!
2017-01-21 11:25:51,488 [Worker-35] INFO  o.e.m.c.i.embedder.EclipseLogger - skip non existing resourceDirectory E:\HiberWork\OneToOneXml\src\test\resources
2017-01-21 11:26:26,812 [Worker-34] INFO  o.e.m.c.i.p.ProjectConfigurationManager - Update started
2017-01-21 11:26:27,712 [Worker-34] INFO  o.e.m.c.i.l.LifecycleMappingFactory - Using org.eclipse.m2e.jdt.JarLifecycleMapping lifecycle mapping for MavenProject: com.mypack.common:OneToOne:1.0-SNAPSHOT @ E:\HiberWork\OneToOneXml\pom.xml.
2017-01-21 11:26:28,204 [Worker-34] INFO  o.e.m.j.i.AbstractJavaProjectConfigurator - Adding source folder /OneToOneXml/src/main/java
2017-01-21 11:26:28,205 [Worker-34] INFO  o.e.m.j.i.AbstractJavaProjectConfigurator - Adding resource folder /OneToOneXml/src/main/resources
2017-01-21 11:26:28,205 [Worker-34] INFO  o.e.m.j.i.AbstractJavaProjectConfigurator - Adding source folder /OneToOneXml/src/test/java
2017-01-21 11:26:28,449 [Worker-34] INFO  o.e.m.c.i.p.ProjectConfigurationManager - Update completed: 1 sec
2017-01-21 11:26:28,804 [Worker-33] WARN  o.e.m.c.i.embedder.EclipseLogger - Using platform encoding (Cp1252 actually) to copy filtered resources, i.e. build is platform dependent!
2017-01-21 11:26:28,806 [Worker-33] INFO  o.e.m.c.i.embedder.EclipseLogger - Copying 3 resources
2017-01-21 11:26:28,825 [Worker-33] WARN  o.e.m.c.i.embedder.EclipseLogger - Using platform encoding (Cp1252 actually) to copy filtered resources, i.e. build is platform dependent!
2017-01-21 11:26:28,826 [Worker-33] INFO  o.e.m.c.i.embedder.EclipseLogger - skip non existing resourceDirectory E:\HiberWork\OneToOneXml\src\test\resources
2017-01-21 11:42:13,260 [Worker-38] INFO  o.e.m.c.i.l.LifecycleMappingFactory - Using org.eclipse.m2e.jdt.JarLifecycleMapping lifecycle mapping for MavenProject: OnetoOneAnnotation:OnetoOneAnnotation:0.0.1-SNAPSHOT @ E:\HiberWork\OnetoOneAnnotation\pom.xml.
2017-01-21 11:42:13,578 [Worker-38] INFO  o.e.m.j.i.AbstractJavaProjectConfigurator - Adding source folder /OnetoOneAnnotation/src
2017-01-21 11:42:13,578 [Worker-38] INFO  o.e.m.j.i.AbstractJavaProjectConfigurator - Resources folder /OnetoOneAnnotation/src overlaps with sources folder /OnetoOneAnnotation/src
2017-01-21 11:42:13,583 [Worker-38] INFO  o.e.m.j.i.AbstractJavaProjectConfigurator - Not adding source folder /OnetoOneAnnotation/src/test/java because it overlaps with /OnetoOneAnnotation/src
2017-01-21 11:42:13,760 [Worker-38] INFO  o.e.m.c.i.p.ProjectConfigurationManager - Update started
2017-01-21 11:42:14,515 [Worker-38] INFO  o.e.m.c.i.l.LifecycleMappingFactory - Using org.eclipse.m2e.jdt.JarLifecycleMapping lifecycle mapping for MavenProject: OnetoOneAnnotation:OnetoOneAnnotation:0.0.1-SNAPSHOT @ E:\HiberWork\OnetoOneAnnotation\pom.xml.
2017-01-21 11:42:14,685 [Worker-38] INFO  o.e.m.j.i.AbstractJavaProjectConfigurator - Adding source folder /OnetoOneAnnotation/src
2017-01-21 11:42:14,686 [Worker-38] INFO  o.e.m.j.i.AbstractJavaProjectConfigurator - Resources folder /OnetoOneAnnotation/src overlaps with sources folder /OnetoOneAnnotation/src
2017-01-21 11:42:14,692 [Worker-38] INFO  o.e.m.j.i.AbstractJavaProjectConfigurator - Not adding source folder /OnetoOneAnnotation/src/test/java because it overlaps with /OnetoOneAnnotation/src
2017-01-21 11:42:14,876 [Worker-38] INFO  o.e.m.c.i.p.ProjectConfigurationManager - Update completed: 1 sec
2017-01-21 11:42:15,061 [Worker-37] WARN  o.e.m.c.i.embedder.EclipseLogger - Using platform encoding (Cp1252 actually) to copy filtered resources, i.e. build is platform dependent!
2017-01-21 11:42:15,063 [Worker-37] INFO  o.e.m.c.i.embedder.EclipseLogger - Copying 2 resources
2017-01-21 11:42:15,080 [Worker-37] WARN  o.e.m.c.i.embedder.EclipseLogger - Using platform encoding (Cp1252 actually) to copy filtered resources, i.e. build is platform dependent!
2017-01-21 11:42:15,081 [Worker-37] INFO  o.e.m.c.i.embedder.EclipseLogger - skip non existing resourceDirectory E:\HiberWork\OnetoOneAnnotation\src\test\resources
2017-01-21 11:42:16,260 [Worker-44] INFO  o.e.m.c.i.l.LifecycleMappingFactory - Using org.eclipse.m2e.jdt.JarLifecycleMapping lifecycle mapping for MavenProject: com.mkyong.common:HibernateExample:1.0 @ E:\HiberWork\OnetoOneAnnotation\pom.xml.
2017-01-21 11:42:17,204 [Worker-44] INFO  o.e.m.c.i.e.AbstractTransferListenerAdapter - Downloaded http://repository.jboss.org/nexus/content/groups/public/mysql/mysql-connector-java/5.1.15/mysql-connector-java-5.1.15.pom
2017-01-21 11:42:18,133 [Worker-44] INFO  o.e.m.c.i.e.AbstractTransferListenerAdapter - Downloading https://repo.maven.apache.org/maven2/mysql/mysql-connector-java/5.1.15/mysql-connector-java-5.1.15.pom
2017-01-21 11:42:18,308 [Worker-44] INFO  o.e.m.c.i.e.AbstractTransferListenerAdapter - Downloaded https://repo.maven.apache.org/maven2/mysql/mysql-connector-java/5.1.15/mysql-connector-java-5.1.15.pom
2017-01-21 11:42:18,955 [Worker-44] INFO  o.e.m.c.i.e.AbstractTransferListenerAdapter - Downloading http://repository.jboss.org/nexus/content/groups/public/org/hibernate/hibernate-core/3.6.3.Final/hibernate-core-3.6.3.Final.pom
2017-01-21 11:42:19,286 [Worker-44] INFO  o.e.m.c.i.e.AbstractTransferListenerAdapter - Downloaded http://repository.jboss.org/nexus/content/groups/public/org/hibernate/hibernate-core/3.6.3.Final/hibernate-core-3.6.3.Final.pom
2017-01-21 11:42:19,597 [Worker-44] INFO  o.e.m.c.i.e.AbstractTransferListenerAdapter - Downloading http://repository.jboss.org/nexus/content/groups/public/org/hibernate/hibernate-parent/3.6.3.Final/hibernate-parent-3.6.3.Final.pom
2017-01-21 11:42:20,320 [Worker-44] INFO  o.e.m.c.i.e.AbstractTransferListenerAdapter - Downloaded http://repository.jboss.org/nexus/content/groups/public/org/hibernate/hibernate-parent/3.6.3.Final/hibernate-parent-3.6.3.Final.pom
2017-01-21 11:42:20,635 [Worker-44] INFO  o.e.m.c.i.e.AbstractTransferListenerAdapter - Downloaded http://repository.jboss.org/nexus/content/groups/public/antlr/antlr/2.7.6/antlr-2.7.6.pom
2017-01-21 11:42:20,782 [Worker-44] INFO  o.e.m.c.i.e.AbstractTransferListenerAdapter - Downloading https://repo.maven.apache.org/maven2/antlr/antlr/2.7.6/antlr-2.7.6.pom
2017-01-21 11:42:21,013 [Worker-44] INFO  o.e.m.c.i.e.AbstractTransferListenerAdapter - Downloaded https://repo.maven.apache.org/maven2/antlr/antlr/2.7.6/antlr-2.7.6.pom
2017-01-21 11:42:21,609 [Worker-44] INFO  o.e.m.c.i.e.AbstractTransferListenerAdapter - Downloaded http://repository.jboss.org/nexus/content/groups/public/commons-collections/commons-collections/3.1/commons-collections-3.1.pom
2017-01-21 11:42:21,781 [Worker-44] INFO  o.e.m.c.i.e.AbstractTransferListenerAdapter - Downloading https://repo.maven.apache.org/maven2/commons-collections/commons-collections/3.1/commons-collections-3.1.pom
2017-01-21 11:42:21,936 [Worker-44] INFO  o.e.m.c.i.e.AbstractTransferListenerAdapter - Downloaded https://repo.maven.apache.org/maven2/commons-collections/commons-collections/3.1/commons-collections-3.1.pom
2017-01-21 11:42:22,555 [Worker-44] INFO  o.e.m.c.i.e.AbstractTransferListenerAdapter - Downloading http://repository.jboss.org/nexus/content/groups/public/org/hibernate/hibernate-commons-annotations/3.2.0.Final/hibernate-commons-annotations-3.2.0.Final.pom
2017-01-21 11:42:22,878 [Worker-44] INFO  o.e.m.c.i.e.AbstractTransferListenerAdapter - Downloaded http://repository.jboss.org/nexus/content/groups/public/org/hibernate/hibernate-commons-annotations/3.2.0.Final/hibernate-commons-annotations-3.2.0.Final.pom
2017-01-21 11:42:23,198 [Worker-44] INFO  o.e.m.c.i.e.AbstractTransferListenerAdapter - Downloaded http://repository.jboss.org/nexus/content/groups/public/org/slf4j/slf4j-api/1.5.8/slf4j-api-1.5.8.pom
2017-01-21 11:42:23,352 [Worker-44] INFO  o.e.m.c.i.e.AbstractTransferListenerAdapter - Downloading https://repo.maven.apache.org/maven2/org/slf4j/slf4j-api/1.5.8/slf4j-api-1.5.8.pom
2017-01-21 11:42:23,505 [Worker-44] INFO  o.e.m.c.i.e.AbstractTransferListenerAdapter - Downloaded https://repo.maven.apache.org/maven2/org/slf4j/slf4j-api/1.5.8/slf4j-api-1.5.8.pom
2017-01-21 11:42:24,117 [Worker-44] INFO  o.e.m.c.i.e.AbstractTransferListenerAdapter - Downloaded http://repository.jboss.org/nexus/content/groups/public/org/slf4j/slf4j-parent/1.5.8/slf4j-parent-1.5.8.pom
2017-01-21 11:42:24,298 [Worker-44] INFO  o.e.m.c.i.e.AbstractTransferListenerAdapter - Downloading https://repo.maven.apache.org/maven2/org/slf4j/slf4j-parent/1.5.8/slf4j-parent-1.5.8.pom
2017-01-21 11:42:24,474 [Worker-44] INFO  o.e.m.c.i.e.AbstractTransferListenerAdapter - Downloaded https://repo.maven.apache.org/maven2/org/slf4j/slf4j-parent/1.5.8/slf4j-parent-1.5.8.pom
2017-01-21 11:42:25,067 [Worker-44] INFO  o.e.m.c.i.e.AbstractTransferListenerAdapter - Downloading http://repository.jboss.org/nexus/content/groups/public/org/hibernate/javax/persistence/hibernate-jpa-2.0-api/1.0.0.Final/hibernate-jpa-2.0-api-1.0.0.Final.pom
2017-01-21 11:42:25,364 [Worker-44] INFO  o.e.m.c.i.e.AbstractTransferListenerAdapter - Downloaded http://repository.jboss.org/nexus/content/groups/public/org/hibernate/javax/persistence/hibernate-jpa-2.0-api/1.0.0.Final/hibernate-jpa-2.0-api-1.0.0.Final.pom
2017-01-21 11:42:25,674 [Worker-44] INFO  o.e.m.c.i.e.AbstractTransferListenerAdapter - Downloaded http://repository.jboss.org/nexus/content/groups/public/javax/transaction/jta/1.1/jta-1.1.pom
2017-01-21 11:42:25,820 [Worker-44] INFO  o.e.m.c.i.e.AbstractTransferListenerAdapter - Downloading https://repo.maven.apache.org/maven2/javax/transaction/jta/1.1/jta-1.1.pom
2017-01-21 11:42:25,975 [Worker-44] INFO  o.e.m.c.i.e.AbstractTransferListenerAdapter - Downloaded https://repo.maven.apache.org/maven2/javax/transaction/jta/1.1/jta-1.1.pom
2017-01-21 11:42:26,568 [Worker-44] INFO  o.e.m.c.i.e.AbstractTransferListenerAdapter - Downloaded http://repository.jboss.org/nexus/content/groups/public/org/slf4j/slf4j-api/1.6.1/slf4j-api-1.6.1.pom
2017-01-21 11:42:26,723 [Worker-44] INFO  o.e.m.c.i.e.AbstractTransferListenerAdapter - Downloading https://repo.maven.apache.org/maven2/org/slf4j/slf4j-api/1.6.1/slf4j-api-1.6.1.pom
2017-01-21 11:42:26,882 [Worker-44] INFO  o.e.m.c.i.e.AbstractTransferListenerAdapter - Downloaded https://repo.maven.apache.org/maven2/org/slf4j/slf4j-api/1.6.1/slf4j-api-1.6.1.pom
2017-01-21 11:42:27,478 [Worker-44] INFO  o.e.m.c.i.e.AbstractTransferListenerAdapter - Downloaded http://repository.jboss.org/nexus/content/groups/public/org/slf4j/slf4j-parent/1.6.1/slf4j-parent-1.6.1.pom
2017-01-21 11:42:27,630 [Worker-44] INFO  o.e.m.c.i.e.AbstractTransferListenerAdapter - Downloading https://repo.maven.apache.org/maven2/org/slf4j/slf4j-parent/1.6.1/slf4j-parent-1.6.1.pom
2017-01-21 11:42:27,815 [Worker-44] INFO  o.e.m.c.i.e.AbstractTransferListenerAdapter - Downloaded https://repo.maven.apache.org/maven2/org/slf4j/slf4j-parent/1.6.1/slf4j-parent-1.6.1.pom
2017-01-21 11:42:28,544 [Worker-44] INFO  o.e.m.c.i.e.AbstractTransferListenerAdapter - Downloaded http://repository.jboss.org/nexus/content/groups/public/ch/qos/logback/logback-core/0.9.28/logback-core-0.9.28.pom
2017-01-21 11:42:28,691 [Worker-44] INFO  o.e.m.c.i.e.AbstractTransferListenerAdapter - Downloading https://repo.maven.apache.org/maven2/ch/qos/logback/logback-core/0.9.28/logback-core-0.9.28.pom
2017-01-21 11:42:28,889 [Worker-44] INFO  o.e.m.c.i.e.AbstractTransferListenerAdapter - Downloaded https://repo.maven.apache.org/maven2/ch/qos/logback/logback-core/0.9.28/logback-core-0.9.28.pom
2017-01-21 11:42:29,497 [Worker-44] INFO  o.e.m.c.i.e.AbstractTransferListenerAdapter - Downloaded http://repository.jboss.org/nexus/content/groups/public/ch/qos/logback/logback-parent/0.9.28/logback-parent-0.9.28.pom
2017-01-21 11:42:29,726 [Worker-44] INFO  o.e.m.c.i.e.AbstractTransferListenerAdapter - Downloading https://repo.maven.apache.org/maven2/ch/qos/logback/logback-parent/0.9.28/logback-parent-0.9.28.pom
2017-01-21 11:42:29,903 [Worker-44] INFO  o.e.m.c.i.e.AbstractTransferListenerAdapter - Downloaded https://repo.maven.apache.org/maven2/ch/qos/logback/logback-parent/0.9.28/logback-parent-0.9.28.pom
2017-01-21 11:42:30,579 [Worker-44] INFO  o.e.m.c.i.e.AbstractTransferListenerAdapter - Downloaded http://repository.jboss.org/nexus/content/groups/public/ch/qos/logback/logback-classic/0.9.28/logback-classic-0.9.28.pom
2017-01-21 11:42:30,739 [Worker-44] INFO  o.e.m.c.i.e.AbstractTransferListenerAdapter - Downloading https://repo.maven.apache.org/maven2/ch/qos/logback/logback-classic/0.9.28/logback-classic-0.9.28.pom
2017-01-21 11:42:30,968 [Worker-44] INFO  o.e.m.c.i.e.AbstractTransferListenerAdapter - Downloaded https://repo.maven.apache.org/maven2/ch/qos/logback/logback-classic/0.9.28/logback-classic-0.9.28.pom
2017-01-21 11:42:31,604 [Worker-44] INFO  o.e.m.c.i.e.AbstractTransferListenerAdapter - Downloaded http://repository.jboss.org/nexus/content/groups/public/mysql/mysql-connector-java/5.1.15/mysql-connector-java-5.1.15.jar
2017-01-21 11:42:32,164 [Worker-44] INFO  o.e.m.c.i.e.AbstractTransferListenerAdapter - Downloading http://repository.jboss.org/nexus/content/groups/public/org/hibernate/hibernate-core/3.6.3.Final/hibernate-core-3.6.3.Final.jar
2017-01-21 11:42:45,174 [Worker-44] INFO  o.e.m.c.i.e.AbstractTransferListenerAdapter - Downloaded http://repository.jboss.org/nexus/content/groups/public/org/hibernate/hibernate-core/3.6.3.Final/hibernate-core-3.6.3.Final.jar
2017-01-21 11:42:45,464 [Worker-44] INFO  o.e.m.c.i.e.AbstractTransferListenerAdapter - Downloaded http://repository.jboss.org/nexus/content/groups/public/antlr/antlr/2.7.6/antlr-2.7.6.jar
2017-01-21 11:42:46,031 [Worker-44] INFO  o.e.m.c.i.e.AbstractTransferListenerAdapter - Downloaded http://repository.jboss.org/nexus/content/groups/public/commons-collections/commons-collections/3.1/commons-collections-3.1.jar
2017-01-21 11:42:46,771 [Worker-44] INFO  o.e.m.c.i.e.AbstractTransferListenerAdapter - Downloading http://repository.jboss.org/nexus/content/groups/public/org/hibernate/hibernate-commons-annotations/3.2.0.Final/hibernate-commons-annotations-3.2.0.Final.jar
2017-01-21 11:42:48,475 [Worker-44] INFO  o.e.m.c.i.e.AbstractTransferListenerAdapter - Downloaded http://repository.jboss.org/nexus/content/groups/public/org/hibernate/hibernate-commons-annotations/3.2.0.Final/hibernate-commons-annotations-3.2.0.Final.jar
2017-01-21 11:42:48,769 [Worker-44] INFO  o.e.m.c.i.e.AbstractTransferListenerAdapter - Downloading http://repository.jboss.org/nexus/content/groups/public/org/hibernate/javax/persistence/hibernate-jpa-2.0-api/1.0.0.Final/hibernate-jpa-2.0-api-1.0.0.Final.jar
2017-01-21 11:42:50,942 [Worker-44] INFO  o.e.m.c.i.e.AbstractTransferListenerAdapter - Downloaded http://repository.jboss.org/nexus/content/groups/public/org/hibernate/javax/persistence/hibernate-jpa-2.0-api/1.0.0.Final/hibernate-jpa-2.0-api-1.0.0.Final.jar
2017-01-21 11:42:51,238 [Worker-44] INFO  o.e.m.c.i.e.AbstractTransferListenerAdapter - Downloaded http://repository.jboss.org/nexus/content/groups/public/javax/transaction/jta/1.1/jta-1.1.jar
2017-01-21 11:42:51,810 [Worker-44] INFO  o.e.m.c.i.e.AbstractTransferListenerAdapter - Downloaded http://repository.jboss.org/nexus/content/groups/public/org/slf4j/slf4j-api/1.6.1/slf4j-api-1.6.1.jar
2017-01-21 11:42:52,447 [Worker-44] INFO  o.e.m.c.i.e.AbstractTransferListenerAdapter - Downloaded http://repository.jboss.org/nexus/content/groups/public/ch/qos/logback/logback-core/0.9.28/logback-core-0.9.28.jar
2017-01-21 11:42:53,105 [Worker-44] INFO  o.e.m.c.i.e.AbstractTransferListenerAdapter - Downloaded http://repository.jboss.org/nexus/content/groups/public/ch/qos/logback/logback-classic/0.9.28/logback-classic-0.9.28.jar
2017-01-21 11:42:55,608 [Worker-44] INFO  o.e.m.c.i.e.AbstractTransferListenerAdapter - Downloading https://repo.maven.apache.org/maven2/mysql/mysql-connector-java/5.1.15/mysql-connector-java-5.1.15.jar
2017-01-21 11:42:59,821 [Worker-44] INFO  o.e.m.c.i.e.AbstractTransferListenerAdapter - Downloaded https://repo.maven.apache.org/maven2/mysql/mysql-connector-java/5.1.15/mysql-connector-java-5.1.15.jar
2017-01-21 11:43:00,273 [Worker-44] INFO  o.e.m.c.i.e.AbstractTransferListenerAdapter - Downloading https://repo.maven.apache.org/maven2/antlr/antlr/2.7.6/antlr-2.7.6.jar
2017-01-21 11:43:02,119 [Worker-44] INFO  o.e.m.c.i.e.AbstractTransferListenerAdapter - Downloaded https://repo.maven.apache.org/maven2/antlr/antlr/2.7.6/antlr-2.7.6.jar
2017-01-21 11:43:02,307 [Worker-44] INFO  o.e.m.c.i.e.AbstractTransferListenerAdapter - Downloading https://repo.maven.apache.org/maven2/commons-collections/commons-collections/3.1/commons-collections-3.1.jar
2017-01-21 11:43:04,631 [Worker-44] INFO  o.e.m.c.i.e.AbstractTransferListenerAdapter - Downloaded https://repo.maven.apache.org/maven2/commons-collections/commons-collections/3.1/commons-collections-3.1.jar
2017-01-21 11:43:04,788 [Worker-44] INFO  o.e.m.c.i.e.AbstractTransferListenerAdapter - Downloading https://repo.maven.apache.org/maven2/javax/transaction/jta/1.1/jta-1.1.jar
2017-01-21 11:43:04,990 [Worker-44] INFO  o.e.m.c.i.e.AbstractTransferListenerAdapter - Downloaded https://repo.maven.apache.org/maven2/javax/transaction/jta/1.1/jta-1.1.jar
2017-01-21 11:43:05,135 [Worker-44] INFO  o.e.m.c.i.e.AbstractTransferListenerAdapter - Downloading https://repo.maven.apache.org/maven2/org/slf4j/slf4j-api/1.6.1/slf4j-api-1.6.1.jar
2017-01-21 11:43:05,429 [Worker-44] INFO  o.e.m.c.i.e.AbstractTransferListenerAdapter - Downloaded https://repo.maven.apache.org/maven2/org/slf4j/slf4j-api/1.6.1/slf4j-api-1.6.1.jar
2017-01-21 11:43:05,584 [Worker-44] INFO  o.e.m.c.i.e.AbstractTransferListenerAdapter - Downloading https://repo.maven.apache.org/maven2/ch/qos/logback/logback-core/0.9.28/logback-core-0.9.28.jar
2017-01-21 11:43:07,631 [Worker-44] INFO  o.e.m.c.i.e.AbstractTransferListenerAdapter - Downloaded https://repo.maven.apache.org/maven2/ch/qos/logback/logback-core/0.9.28/logback-core-0.9.28.jar
2017-01-21 11:43:07,783 [Worker-44] INFO  o.e.m.c.i.e.AbstractTransferListenerAdapter - Downloading https://repo.maven.apache.org/maven2/ch/qos/logback/logback-classic/0.9.28/logback-classic-0.9.28.jar
2017-01-21 11:43:09,680 [Worker-44] INFO  o.e.m.c.i.e.AbstractTransferListenerAdapter - Downloaded https://repo.maven.apache.org/maven2/ch/qos/logback/logback-classic/0.9.28/logback-classic-0.9.28.jar
2017-01-21 11:43:12,149 [Worker-44] WARN  o.e.m.c.i.embedder.EclipseLogger - Using platform encoding (Cp1252 actually) to copy filtered resources, i.e. build is platform dependent!
2017-01-21 11:43:12,152 [Worker-44] INFO  o.e.m.c.i.embedder.EclipseLogger - Copying 0 resource
2017-01-21 11:43:12,153 [Worker-44] WARN  o.e.m.c.i.embedder.EclipseLogger - Using platform encoding (Cp1252 actually) to copy filtered resources, i.e. build is platform dependent!
2017-01-21 11:43:12,154 [Worker-44] INFO  o.e.m.c.i.embedder.EclipseLogger - skip non existing resourceDirectory E:\HiberWork\OnetoOneAnnotation\src\test\resources
2017-01-21 11:43:12,225 [Worker-48] INFO  o.e.m.c.i.p.ProjectConfigurationManager - Update started
2017-01-21 11:43:13,004 [Worker-48] INFO  o.e.m.c.i.l.LifecycleMappingFactory - Using org.eclipse.m2e.jdt.JarLifecycleMapping lifecycle mapping for MavenProject: com.mkyong.common:HibernateExample:1.0 @ E:\HiberWork\OnetoOneAnnotation\pom.xml.
2017-01-21 11:43:13,207 [Worker-48] INFO  o.e.m.c.i.l.LifecycleMappingFactory - Using org.eclipse.m2e.jdt.JarLifecycleMapping lifecycle mapping for MavenProject: com.mypack.common:OneToOne:1.0-SNAPSHOT @ E:\HiberWork\OneToOneXml\pom.xml.
2017-01-21 11:43:13,601 [Worker-48] INFO  o.e.m.j.i.AbstractJavaProjectConfigurator - Not adding source folder /OnetoOneAnnotation/src/main/java because it overlaps with /OnetoOneAnnotation/src
2017-01-21 11:43:13,601 [Worker-48] INFO  o.e.m.j.i.AbstractJavaProjectConfigurator - Resources folder /OnetoOneAnnotation/src/main/resources overlaps with sources folder /OnetoOneAnnotation/src
2017-01-21 11:43:13,602 [Worker-48] INFO  o.e.m.j.i.AbstractJavaProjectConfigurator - Not adding source folder /OnetoOneAnnotation/src/test/java because it overlaps with /OnetoOneAnnotation/src
2017-01-21 11:43:13,750 [Worker-48] INFO  o.e.m.c.i.p.ProjectConfigurationManager - Update completed: 1 sec
2017-01-21 11:43:13,990 [Worker-31] WARN  o.e.m.c.i.embedder.EclipseLogger - Using platform encoding (Cp1252 actually) to copy filtered resources, i.e. build is platform dependent!
2017-01-21 11:43:13,993 [Worker-31] INFO  o.e.m.c.i.embedder.EclipseLogger - Copying 0 resource
2017-01-21 11:43:13,996 [Worker-31] WARN  o.e.m.c.i.embedder.EclipseLogger - Using platform encoding (Cp1252 actually) to copy filtered resources, i.e. build is platform dependent!
2017-01-21 11:43:13,997 [Worker-31] INFO  o.e.m.c.i.embedder.EclipseLogger - skip non existing resourceDirectory E:\HiberWork\OneToOneXml\src\test\resources
2017-01-21 11:43:14,118 [Worker-31] WARN  o.e.m.c.i.embedder.EclipseLogger - Using platform encoding (Cp1252 actually) to copy filtered resources, i.e. build is platform dependent!
2017-01-21 11:43:14,119 [Worker-31] INFO  o.e.m.c.i.embedder.EclipseLogger - Copying 2 resources
2017-01-21 11:43:14,136 [Worker-31] WARN  o.e.m.c.i.embedder.EclipseLogger - Using platform encoding (Cp1252 actually) to copy filtered resources, i.e. build is platform dependent!
2017-01-21 11:43:14,136 [Worker-31] INFO  o.e.m.c.i.embedder.EclipseLogger - skip non existing resourceDirectory E:\HiberWork\OnetoOneAnnotation\src\test\resources
2017-01-21 11:43:31,980 [Worker-42] WARN  o.e.m.c.i.embedder.EclipseLogger - Using platform encoding (Cp1252 actually) to copy filtered resources, i.e. build is platform dependent!
2017-01-21 11:43:31,981 [Worker-42] INFO  o.e.m.c.i.embedder.EclipseLogger - Copying 0 resource
2017-01-21 11:43:31,983 [Worker-42] WARN  o.e.m.c.i.embedder.EclipseLogger - Using platform encoding (Cp1252 actually) to copy filtered resources, i.e. build is platform dependent!
2017-01-21 11:43:31,984 [Worker-42] INFO  o.e.m.c.i.embedder.EclipseLogger - skip non existing resourceDirectory E:\HiberWork\OnetoOneAnnotation\src\test\resources
2017-01-21 11:43:43,503 [Worker-40] INFO  o.e.m.c.i.p.ProjectConfigurationManager - Update started
2017-01-21 11:43:44,158 [Worker-40] INFO  o.e.m.c.i.l.LifecycleMappingFactory - Using org.eclipse.m2e.jdt.JarLifecycleMapping lifecycle mapping for MavenProject: com.mkyong.common:HibernateExample:1.0 @ E:\HiberWork\OnetoOneAnnotation\pom.xml.
2017-01-21 11:43:44,325 [Worker-40] INFO  o.e.m.c.i.l.LifecycleMappingFactory - Using org.eclipse.m2e.jdt.JarLifecycleMapping lifecycle mapping for MavenProject: com.mypack.common:OneToOne:1.0-SNAPSHOT @ E:\HiberWork\OneToOneXml\pom.xml.
2017-01-21 11:43:44,654 [Worker-40] INFO  o.e.m.j.i.AbstractJavaProjectConfigurator - Adding source folder /OnetoOneAnnotation/src/main/java
2017-01-21 11:43:44,654 [Worker-40] INFO  o.e.m.j.i.AbstractJavaProjectConfigurator - Adding resource folder /OnetoOneAnnotation/src/main/resources
2017-01-21 11:43:44,654 [Worker-40] INFO  o.e.m.j.i.AbstractJavaProjectConfigurator - Adding source folder /OnetoOneAnnotation/src/test/java
2017-01-21 11:43:44,775 [Worker-40] INFO  o.e.m.c.i.p.ProjectConfigurationManager - Update completed: 1 sec
2017-01-21 11:43:44,991 [Worker-31] WARN  o.e.m.c.i.embedder.EclipseLogger - Using platform encoding (Cp1252 actually) to copy filtered resources, i.e. build is platform dependent!
2017-01-21 11:43:44,993 [Worker-31] INFO  o.e.m.c.i.embedder.EclipseLogger - Copying 0 resource
2017-01-21 11:43:44,997 [Worker-31] WARN  o.e.m.c.i.embedder.EclipseLogger - Using platform encoding (Cp1252 actually) to copy filtered resources, i.e. build is platform dependent!
2017-01-21 11:43:44,998 [Worker-31] INFO  o.e.m.c.i.embedder.EclipseLogger - skip non existing resourceDirectory E:\HiberWork\OneToOneXml\src\test\resources
2017-01-21 11:43:45,118 [Worker-31] WARN  o.e.m.c.i.embedder.EclipseLogger - Using platform encoding (Cp1252 actually) to copy filtered resources, i.e. build is platform dependent!
2017-01-21 11:43:45,119 [Worker-31] INFO  o.e.m.c.i.embedder.EclipseLogger - Copying 2 resources
2017-01-21 11:43:45,131 [Worker-31] WARN  o.e.m.c.i.embedder.EclipseLogger - Using platform encoding (Cp1252 actually) to copy filtered resources, i.e. build is platform dependent!
2017-01-21 11:43:45,132 [Worker-31] INFO  o.e.m.c.i.embedder.EclipseLogger - skip non existing resourceDirectory E:\HiberWork\OnetoOneAnnotation\src\test\resources
2017-01-21 11:44:03,302 [Worker-43] WARN  o.e.m.c.i.embedder.EclipseLogger - Using platform encoding (Cp1252 actually) to copy filtered resources, i.e. build is platform dependent!
2017-01-21 11:44:03,303 [Worker-43] INFO  o.e.m.c.i.embedder.EclipseLogger - Copying 0 resource
2017-01-21 11:44:03,305 [Worker-43] WARN  o.e.m.c.i.embedder.EclipseLogger - Using platform encoding (Cp1252 actually) to copy filtered resources, i.e. build is platform dependent!
2017-01-21 11:44:03,306 [Worker-43] INFO  o.e.m.c.i.embedder.EclipseLogger - skip non existing resourceDirectory E:\HiberWork\OnetoOneAnnotation\src\test\resources
2017-01-21 11:45:37,973 [Worker-46] WARN  o.e.m.c.i.embedder.EclipseLogger - Using platform encoding (Cp1252 actually) to copy filtered resources, i.e. build is platform dependent!
2017-01-21 11:45:37,976 [Worker-46] INFO  o.e.m.c.i.embedder.EclipseLogger - Copying 1 resource
2017-01-21 11:45:38,018 [Worker-46] WARN  o.e.m.c.i.embedder.EclipseLogger - Using platform encoding (Cp1252 actually) to copy filtered resources, i.e. build is platform dependent!
2017-01-21 11:45:38,019 [Worker-46] INFO  o.e.m.c.i.embedder.EclipseLogger - skip non existing resourceDirectory E:\HiberWork\OnetoOneAnnotation\src\test\resources
2017-01-21 11:47:08,752 [Worker-36] WARN  o.e.m.c.i.embedder.EclipseLogger - Using platform encoding (Cp1252 actually) to copy filtered resources, i.e. build is platform dependent!
2017-01-21 11:47:08,753 [Worker-36] INFO  o.e.m.c.i.embedder.EclipseLogger - Copying 0 resource
2017-01-21 11:47:08,754 [Worker-36] WARN  o.e.m.c.i.embedder.EclipseLogger - Using platform encoding (Cp1252 actually) to copy filtered resources, i.e. build is platform dependent!
2017-01-21 11:47:08,755 [Worker-36] INFO  o.e.m.c.i.embedder.EclipseLogger - skip non existing resourceDirectory E:\HiberWork\OnetoOneAnnotation\src\test\resources
2017-01-21 11:47:13,337 [Worker-41] WARN  o.e.m.c.i.embedder.EclipseLogger - Using platform encoding (Cp1252 actually) to copy filtered resources, i.e. build is platform dependent!
2017-01-21 11:47:13,338 [Worker-41] INFO  o.e.m.c.i.embedder.EclipseLogger - Copying 0 resource
2017-01-21 11:47:13,339 [Worker-41] WARN  o.e.m.c.i.embedder.EclipseLogger - Using platform encoding (Cp1252 actually) to copy filtered resources, i.e. build is platform dependent!
2017-01-21 11:47:13,340 [Worker-41] INFO  o.e.m.c.i.embedder.EclipseLogger - skip non existing resourceDirectory E:\HiberWork\OnetoOneAnnotation\src\test\resources
2017-01-21 11:47:19,831 [Worker-36] WARN  o.e.m.c.i.embedder.EclipseLogger - Using platform encoding (Cp1252 actually) to copy filtered resources, i.e. build is platform dependent!
2017-01-21 11:47:19,833 [Worker-36] INFO  o.e.m.c.i.embedder.EclipseLogger - Copying 0 resource
2017-01-21 11:47:19,835 [Worker-36] WARN  o.e.m.c.i.embedder.EclipseLogger - Using platform encoding (Cp1252 actually) to copy filtered resources, i.e. build is platform dependent!
2017-01-21 11:47:19,836 [Worker-36] INFO  o.e.m.c.i.embedder.EclipseLogger - skip non existing resourceDirectory E:\HiberWork\OnetoOneAnnotation\src\test\resources
2017-01-21 11:49:16,074 [Worker-37] WARN  o.e.m.c.i.embedder.EclipseLogger - Using platform encoding (Cp1252 actually) to copy filtered resources, i.e. build is platform dependent!
2017-01-21 11:49:16,076 [Worker-37] INFO  o.e.m.c.i.embedder.EclipseLogger - Copying 1 resource
2017-01-21 11:49:16,085 [Worker-37] WARN  o.e.m.c.i.embedder.EclipseLogger - Using platform encoding (Cp1252 actually) to copy filtered resources, i.e. build is platform dependent!
2017-01-21 11:49:16,086 [Worker-37] INFO  o.e.m.c.i.embedder.EclipseLogger - skip non existing resourceDirectory E:\HiberWork\OnetoOneAnnotation\src\test\resources
2017-01-21 11:49:38,606 [Worker-44] WARN  o.e.m.c.i.embedder.EclipseLogger - Using platform encoding (Cp1252 actually) to copy filtered resources, i.e. build is platform dependent!
2017-01-21 11:49:38,607 [Worker-44] INFO  o.e.m.c.i.embedder.EclipseLogger - Copying 0 resource
2017-01-21 11:49:38,609 [Worker-44] WARN  o.e.m.c.i.embedder.EclipseLogger - Using platform encoding (Cp1252 actually) to copy filtered resources, i.e. build is platform dependent!
2017-01-21 11:49:38,609 [Worker-44] INFO  o.e.m.c.i.embedder.EclipseLogger - skip non existing resourceDirectory E:\HiberWork\OnetoOneAnnotation\src\test\resources
2017-01-21 11:49:48,991 [Worker-37] WARN  o.e.m.c.i.embedder.EclipseLogger - Using platform encoding (Cp1252 actually) to copy filtered resources, i.e. build is platform dependent!
2017-01-21 11:49:48,992 [Worker-37] INFO  o.e.m.c.i.embedder.EclipseLogger - Copying 0 resource
2017-01-21 11:49:48,995 [Worker-37] WARN  o.e.m.c.i.embedder.EclipseLogger - Using platform encoding (Cp1252 actually) to copy filtered resources, i.e. build is platform dependent!
2017-01-21 11:49:48,996 [Worker-37] INFO  o.e.m.c.i.embedder.EclipseLogger - skip non existing resourceDirectory E:\HiberWork\OnetoOneAnnotation\src\test\resources
2017-01-21 11:50:05,778 [Worker-35] WARN  o.e.m.c.i.embedder.EclipseLogger - Using platform encoding (Cp1252 actually) to copy filtered resources, i.e. build is platform dependent!
2017-01-21 11:50:05,779 [Worker-35] INFO  o.e.m.c.i.embedder.EclipseLogger - Copying 0 resource
2017-01-21 11:50:05,781 [Worker-35] WARN  o.e.m.c.i.embedder.EclipseLogger - Using platform encoding (Cp1252 actually) to copy filtered resources, i.e. build is platform dependent!
2017-01-21 11:50:05,782 [Worker-35] INFO  o.e.m.c.i.embedder.EclipseLogger - skip non existing resourceDirectory E:\HiberWork\OnetoOneAnnotation\src\test\resources
2017-01-21 11:50:16,331 [Worker-41] WARN  o.e.m.c.i.embedder.EclipseLogger - Using platform encoding (Cp1252 actually) to copy filtered resources, i.e. build is platform dependent!
2017-01-21 11:50:16,332 [Worker-41] INFO  o.e.m.c.i.embedder.EclipseLogger - Copying 0 resource
2017-01-21 11:50:16,334 [Worker-41] WARN  o.e.m.c.i.embedder.EclipseLogger - Using platform encoding (Cp1252 actually) to copy filtered resources, i.e. build is platform dependent!
2017-01-21 11:50:16,336 [Worker-41] INFO  o.e.m.c.i.embedder.EclipseLogger - skip non existing resourceDirectory E:\HiberWork\OnetoOneAnnotation\src\test\resources
2017-01-21 11:50:39,814 [Worker-44] WARN  o.e.m.c.i.embedder.EclipseLogger - Using platform encoding (Cp1252 actually) to copy filtered resources, i.e. build is platform dependent!
2017-01-21 11:50:39,816 [Worker-44] INFO  o.e.m.c.i.embedder.EclipseLogger - Copying 2 resources
2017-01-21 11:50:39,822 [Worker-44] WARN  o.e.m.c.i.embedder.EclipseLogger - Using platform encoding (Cp1252 actually) to copy filtered resources, i.e. build is platform dependent!
2017-01-21 11:50:39,823 [Worker-44] INFO  o.e.m.c.i.embedder.EclipseLogger - skip non existing resourceDirectory E:\HiberWork\OnetoOneAnnotation\src\test\resources
2017-01-21 11:51:35,969 [Worker-38] INFO  o.e.m.c.i.p.ProjectConfigurationManager - Update started
2017-01-21 11:51:36,639 [Worker-38] INFO  o.e.m.c.i.l.LifecycleMappingFactory - Using org.eclipse.m2e.jdt.JarLifecycleMapping lifecycle mapping for MavenProject: com.mkyong.common:HibernateExample:1.0 @ E:\HiberWork\OnetoOneAnnotation\pom.xml.
2017-01-21 11:51:36,784 [Worker-38] INFO  o.e.m.c.i.l.LifecycleMappingFactory - Using org.eclipse.m2e.jdt.JarLifecycleMapping lifecycle mapping for MavenProject: com.mypack.common:OneToOne:1.0-SNAPSHOT @ E:\HiberWork\OneToOneXml\pom.xml.
2017-01-21 11:51:37,153 [Worker-38] INFO  o.e.m.j.i.AbstractJavaProjectConfigurator - Adding source folder /OnetoOneAnnotation/src/main/java
2017-01-21 11:51:37,153 [Worker-38] INFO  o.e.m.j.i.AbstractJavaProjectConfigurator - Adding resource folder /OnetoOneAnnotation/src/main/resources
2017-01-21 11:51:37,154 [Worker-38] INFO  o.e.m.j.i.AbstractJavaProjectConfigurator - Adding source folder /OnetoOneAnnotation/src/test/java
2017-01-21 11:51:37,283 [Worker-38] INFO  o.e.m.c.i.p.ProjectConfigurationManager - Update completed: 1 sec
2017-01-21 11:51:37,526 [Worker-37] WARN  o.e.m.c.i.embedder.EclipseLogger - Using platform encoding (Cp1252 actually) to copy filtered resources, i.e. build is platform dependent!
2017-01-21 11:51:37,530 [Worker-37] INFO  o.e.m.c.i.embedder.EclipseLogger - Copying 0 resource
2017-01-21 11:51:37,532 [Worker-37] WARN  o.e.m.c.i.embedder.EclipseLogger - Using platform encoding (Cp1252 actually) to copy filtered resources, i.e. build is platform dependent!
2017-01-21 11:51:37,534 [Worker-37] INFO  o.e.m.c.i.embedder.EclipseLogger - skip non existing resourceDirectory E:\HiberWork\OneToOneXml\src\test\resources
2017-01-21 11:51:37,642 [Worker-37] WARN  o.e.m.c.i.embedder.EclipseLogger - Using platform encoding (Cp1252 actually) to copy filtered resources, i.e. build is platform dependent!
2017-01-21 11:51:37,643 [Worker-37] INFO  o.e.m.c.i.embedder.EclipseLogger - Copying 2 resources
2017-01-21 11:51:37,657 [Worker-37] WARN  o.e.m.c.i.embedder.EclipseLogger - Using platform encoding (Cp1252 actually) to copy filtered resources, i.e. build is platform dependent!
2017-01-21 11:51:37,658 [Worker-37] INFO  o.e.m.c.i.embedder.EclipseLogger - skip non existing resourceDirectory E:\HiberWork\OnetoOneAnnotation\src\test\resources
2017-01-21 11:54:12,808 [Worker-46] WARN  o.e.m.c.i.embedder.EclipseLogger - Using platform encoding (Cp1252 actually) to copy filtered resources, i.e. build is platform dependent!
2017-01-21 11:54:12,809 [Worker-46] INFO  o.e.m.c.i.embedder.EclipseLogger - Copying 0 resource
2017-01-21 11:54:12,812 [Worker-46] WARN  o.e.m.c.i.embedder.EclipseLogger - Using platform encoding (Cp1252 actually) to copy filtered resources, i.e. build is platform dependent!
2017-01-21 11:54:12,813 [Worker-46] INFO  o.e.m.c.i.embedder.EclipseLogger - skip non existing resourceDirectory E:\HiberWork\OnetoOneAnnotation\src\test\resources
2017-01-21 11:54:30,297 [Worker-41] WARN  o.e.m.c.i.embedder.EclipseLogger - Using platform encoding (Cp1252 actually) to copy filtered resources, i.e. build is platform dependent!
2017-01-21 11:54:30,298 [Worker-41] INFO  o.e.m.c.i.embedder.EclipseLogger - Copying 0 resource
2017-01-21 11:54:30,299 [Worker-41] WARN  o.e.m.c.i.embedder.EclipseLogger - Using platform encoding (Cp1252 actually) to copy filtered resources, i.e. build is platform dependent!
2017-01-21 11:54:30,300 [Worker-41] INFO  o.e.m.c.i.embedder.EclipseLogger - skip non existing resourceDirectory E:\HiberWork\OnetoOneAnnotation\src\test\resources
2017-01-21 11:55:02,079 [Worker-46] WARN  o.e.m.c.i.embedder.EclipseLogger - Using platform encoding (Cp1252 actually) to copy filtered resources, i.e. build is platform dependent!
2017-01-21 11:55:02,080 [Worker-46] INFO  o.e.m.c.i.embedder.EclipseLogger - Copying 0 resource
2017-01-21 11:55:02,081 [Worker-46] WARN  o.e.m.c.i.embedder.EclipseLogger - Using platform encoding (Cp1252 actually) to copy filtered resources, i.e. build is platform dependent!
2017-01-21 11:55:02,082 [Worker-46] INFO  o.e.m.c.i.embedder.EclipseLogger - skip non existing resourceDirectory E:\HiberWork\OnetoOneAnnotation\src\test\resources
2017-01-21 11:55:20,296 [Worker-38] WARN  o.e.m.c.i.embedder.EclipseLogger - Using platform encoding (Cp1252 actually) to copy filtered resources, i.e. build is platform dependent!
2017-01-21 11:55:20,298 [Worker-38] INFO  o.e.m.c.i.embedder.EclipseLogger - Copying 0 resource
2017-01-21 11:55:20,300 [Worker-38] WARN  o.e.m.c.i.embedder.EclipseLogger - Using platform encoding (Cp1252 actually) to copy filtered resources, i.e. build is platform dependent!
2017-01-21 11:55:20,302 [Worker-38] INFO  o.e.m.c.i.embedder.EclipseLogger - skip non existing resourceDirectory E:\HiberWork\OnetoOneAnnotation\src\test\resources
2017-01-21 11:55:34,293 [Worker-38] WARN  o.e.m.c.i.embedder.EclipseLogger - Using platform encoding (Cp1252 actually) to copy filtered resources, i.e. build is platform dependent!
2017-01-21 11:55:34,294 [Worker-38] INFO  o.e.m.c.i.embedder.EclipseLogger - Copying 0 resource
2017-01-21 11:55:34,295 [Worker-38] WARN  o.e.m.c.i.embedder.EclipseLogger - Using platform encoding (Cp1252 actually) to copy filtered resources, i.e. build is platform dependent!
2017-01-21 11:55:34,296 [Worker-38] INFO  o.e.m.c.i.embedder.EclipseLogger - skip non existing resourceDirectory E:\HiberWork\OnetoOneAnnotation\src\test\resources
2017-01-21 12:10:32,612 [Worker-51] WARN  o.e.m.c.i.embedder.EclipseLogger - Using platform encoding (Cp1252 actually) to copy filtered resources, i.e. build is platform dependent!
2017-01-21 12:10:32,613 [Worker-51] INFO  o.e.m.c.i.embedder.EclipseLogger - Copying 0 resource
2017-01-21 12:10:32,615 [Worker-51] WARN  o.e.m.c.i.embedder.EclipseLogger - Using platform encoding (Cp1252 actually) to copy filtered resources, i.e. build is platform dependent!
2017-01-21 12:10:32,616 [Worker-51] INFO  o.e.m.c.i.embedder.EclipseLogger - skip non existing resourceDirectory E:\HiberWork\OnetoOneAnnotation\src\test\resources
2017-01-21 12:25:48,035 [Worker-61] INFO  o.e.m.c.i.l.LifecycleMappingFactory - Using org.eclipse.m2e.jdt.JarLifecycleMapping lifecycle mapping for MavenProject: OnetoManyAnotation:OnetoManyAnotation:0.0.1-SNAPSHOT @ E:\HiberWork\OnetoManyAnotation\pom.xml.
2017-01-21 12:25:48,383 [Worker-61] INFO  o.e.m.j.i.AbstractJavaProjectConfigurator - Adding source folder /OnetoManyAnotation/src
2017-01-21 12:25:48,384 [Worker-61] INFO  o.e.m.j.i.AbstractJavaProjectConfigurator - Resources folder /OnetoManyAnotation/src overlaps with sources folder /OnetoManyAnotation/src
2017-01-21 12:25:48,390 [Worker-61] INFO  o.e.m.j.i.AbstractJavaProjectConfigurator - Not adding source folder /OnetoManyAnotation/src/test/java because it overlaps with /OnetoManyAnotation/src
2017-01-21 12:25:48,534 [Worker-61] INFO  o.e.m.c.i.p.ProjectConfigurationManager - Update started
2017-01-21 12:25:49,181 [Worker-61] INFO  o.e.m.c.i.l.LifecycleMappingFactory - Using org.eclipse.m2e.jdt.JarLifecycleMapping lifecycle mapping for MavenProject: OnetoManyAnotation:OnetoManyAnotation:0.0.1-SNAPSHOT @ E:\HiberWork\OnetoManyAnotation\pom.xml.
2017-01-21 12:25:49,250 [Worker-61] INFO  o.e.m.j.i.AbstractJavaProjectConfigurator - Adding source folder /OnetoManyAnotation/src
2017-01-21 12:25:49,251 [Worker-61] INFO  o.e.m.j.i.AbstractJavaProjectConfigurator - Resources folder /OnetoManyAnotation/src overlaps with sources folder /OnetoManyAnotation/src
2017-01-21 12:25:49,255 [Worker-61] INFO  o.e.m.j.i.AbstractJavaProjectConfigurator - Not adding source folder /OnetoManyAnotation/src/test/java because it overlaps with /OnetoManyAnotation/src
2017-01-21 12:25:49,363 [Worker-61] INFO  o.e.m.c.i.p.ProjectConfigurationManager - Update completed: 0 sec
2017-01-21 12:25:49,721 [Worker-37] WARN  o.e.m.c.i.embedder.EclipseLogger - Using platform encoding (Cp1252 actually) to copy filtered resources, i.e. build is platform dependent!
2017-01-21 12:25:49,722 [Worker-37] INFO  o.e.m.c.i.embedder.EclipseLogger - Copying 2 resources
2017-01-21 12:25:49,729 [Worker-37] WARN  o.e.m.c.i.embedder.EclipseLogger - Using platform encoding (Cp1252 actually) to copy filtered resources, i.e. build is platform dependent!
2017-01-21 12:25:49,730 [Worker-37] INFO  o.e.m.c.i.embedder.EclipseLogger - skip non existing resourceDirectory E:\HiberWork\OnetoManyAnotation\src\test\resources
2017-01-21 12:25:52,546 [Worker-63] INFO  o.e.m.c.i.l.LifecycleMappingFactory - Using org.eclipse.m2e.jdt.JarLifecycleMapping lifecycle mapping for MavenProject: com.mkyong.common:HibernateExample:1.0 @ E:\HiberWork\OnetoManyAnotation\pom.xml.
2017-01-21 12:25:52,848 [Worker-63] WARN  o.e.m.c.i.embedder.EclipseLogger - Using platform encoding (Cp1252 actually) to copy filtered resources, i.e. build is platform dependent!
2017-01-21 12:25:52,849 [Worker-63] INFO  o.e.m.c.i.embedder.EclipseLogger - skip non existing resourceDirectory E:\HiberWork\OnetoManyAnotation\src\main\resources
2017-01-21 12:25:52,851 [Worker-63] WARN  o.e.m.c.i.embedder.EclipseLogger - Using platform encoding (Cp1252 actually) to copy filtered resources, i.e. build is platform dependent!
2017-01-21 12:25:52,852 [Worker-63] INFO  o.e.m.c.i.embedder.EclipseLogger - skip non existing resourceDirectory E:\HiberWork\OnetoManyAnotation\src\test\resources
2017-01-21 12:25:54,149 [Worker-65] WARN  o.e.m.c.i.embedder.EclipseLogger - Using platform encoding (Cp1252 actually) to copy filtered resources, i.e. build is platform dependent!
2017-01-21 12:25:54,150 [Worker-65] INFO  o.e.m.c.i.embedder.EclipseLogger - skip non existing resourceDirectory E:\HiberWork\OnetoManyAnotation\src\main\resources
2017-01-21 12:25:54,151 [Worker-65] WARN  o.e.m.c.i.embedder.EclipseLogger - Using platform encoding (Cp1252 actually) to copy filtered resources, i.e. build is platform dependent!
2017-01-21 12:25:54,151 [Worker-65] INFO  o.e.m.c.i.embedder.EclipseLogger - skip non existing resourceDirectory E:\HiberWork\OnetoManyAnotation\src\test\resources
2017-01-21 12:26:02,555 [Worker-51] WARN  o.e.m.c.i.embedder.EclipseLogger - Using platform encoding (Cp1252 actually) to copy filtered resources, i.e. build is platform dependent!
2017-01-21 12:26:02,556 [Worker-51] INFO  o.e.m.c.i.embedder.EclipseLogger - skip non existing resourceDirectory E:\HiberWork\OnetoManyAnotation\src\main\resources
2017-01-21 12:26:02,557 [Worker-51] WARN  o.e.m.c.i.embedder.EclipseLogger - Using platform encoding (Cp1252 actually) to copy filtered resources, i.e. build is platform dependent!
2017-01-21 12:26:02,557 [Worker-51] INFO  o.e.m.c.i.embedder.EclipseLogger - skip non existing resourceDirectory E:\HiberWork\OnetoManyAnotation\src\test\resources
2017-01-21 12:26:09,500 [Worker-63] WARN  o.e.m.c.i.embedder.EclipseLogger - Using platform encoding (Cp1252 actually) to copy filtered resources, i.e. build is platform dependent!
2017-01-21 12:26:09,501 [Worker-63] INFO  o.e.m.c.i.embedder.EclipseLogger - skip non existing resourceDirectory E:\HiberWork\OnetoManyAnotation\src\main\resources
2017-01-21 12:26:09,502 [Worker-63] WARN  o.e.m.c.i.embedder.EclipseLogger - Using platform encoding (Cp1252 actually) to copy filtered resources, i.e. build is platform dependent!
2017-01-21 12:26:09,503 [Worker-63] INFO  o.e.m.c.i.embedder.EclipseLogger - skip non existing resourceDirectory E:\HiberWork\OnetoManyAnotation\src\test\resources
2017-01-21 12:27:46,410 [Worker-62] INFO  o.e.m.c.i.p.ProjectConfigurationManager - Update started
2017-01-21 12:27:47,121 [Worker-62] INFO  o.e.m.c.i.l.LifecycleMappingFactory - Using org.eclipse.m2e.jdt.JarLifecycleMapping lifecycle mapping for MavenProject: com.mkyong.common:HibernateExample:1.0 @ E:\HiberWork\OnetoManyAnotation\pom.xml.
2017-01-21 12:27:47,288 [Worker-62] INFO  o.e.m.c.i.l.LifecycleMappingFactory - Using org.eclipse.m2e.jdt.JarLifecycleMapping lifecycle mapping for MavenProject: com.mkyong.common:HibernateExample:1.0 @ E:\HiberWork\OnetoOneAnnotation\pom.xml.
2017-01-21 12:27:47,390 [Worker-62] INFO  o.e.m.c.i.l.LifecycleMappingFactory - Using org.eclipse.m2e.jdt.JarLifecycleMapping lifecycle mapping for MavenProject: com.mypack.common:OneToOne:1.0-SNAPSHOT @ E:\HiberWork\OneToOneXml\pom.xml.
2017-01-21 12:27:47,815 [Worker-62] INFO  o.e.m.j.i.AbstractJavaProjectConfigurator - Not adding source folder /OnetoManyAnotation/src/main/java because it overlaps with /OnetoManyAnotation/src
2017-01-21 12:27:47,815 [Worker-62] INFO  o.e.m.j.i.AbstractJavaProjectConfigurator - Not adding source folder /OnetoManyAnotation/src/test/java because it overlaps with /OnetoManyAnotation/src
2017-01-21 12:27:48,013 [Worker-62] INFO  o.e.m.c.i.p.ProjectConfigurationManager - Update completed: 1 sec
2017-01-21 12:27:48,315 [Worker-61] WARN  o.e.m.c.i.embedder.EclipseLogger - Using platform encoding (Cp1252 actually) to copy filtered resources, i.e. build is platform dependent!
2017-01-21 12:27:48,318 [Worker-61] INFO  o.e.m.c.i.embedder.EclipseLogger - Copying 0 resource
2017-01-21 12:27:48,322 [Worker-61] WARN  o.e.m.c.i.embedder.EclipseLogger - Using platform encoding (Cp1252 actually) to copy filtered resources, i.e. build is platform dependent!
2017-01-21 12:27:48,323 [Worker-61] INFO  o.e.m.c.i.embedder.EclipseLogger - skip non existing resourceDirectory E:\HiberWork\OneToOneXml\src\test\resources
2017-01-21 12:27:48,445 [Worker-61] WARN  o.e.m.c.i.embedder.EclipseLogger - Using platform encoding (Cp1252 actually) to copy filtered resources, i.e. build is platform dependent!
2017-01-21 12:27:48,446 [Worker-61] INFO  o.e.m.c.i.embedder.EclipseLogger - skip non existing resourceDirectory E:\HiberWork\OnetoManyAnotation\src\main\resources
2017-01-21 12:27:48,447 [Worker-61] WARN  o.e.m.c.i.embedder.EclipseLogger - Using platform encoding (Cp1252 actually) to copy filtered resources, i.e. build is platform dependent!
2017-01-21 12:27:48,448 [Worker-61] INFO  o.e.m.c.i.embedder.EclipseLogger - skip non existing resourceDirectory E:\HiberWork\OnetoManyAnotation\src\test\resources
2017-01-21 12:27:48,976 [Worker-61] WARN  o.e.m.c.i.embedder.EclipseLogger - Using platform encoding (Cp1252 actually) to copy filtered resources, i.e. build is platform dependent!
2017-01-21 12:27:48,976 [Worker-61] INFO  o.e.m.c.i.embedder.EclipseLogger - Copying 0 resource
2017-01-21 12:27:48,978 [Worker-61] WARN  o.e.m.c.i.embedder.EclipseLogger - Using platform encoding (Cp1252 actually) to copy filtered resources, i.e. build is platform dependent!
2017-01-21 12:27:48,978 [Worker-61] INFO  o.e.m.c.i.embedder.EclipseLogger - skip non existing resourceDirectory E:\HiberWork\OnetoOneAnnotation\src\test\resources
2017-01-21 12:28:20,358 [Worker-58] WARN  o.e.m.c.i.embedder.EclipseLogger - Using platform encoding (Cp1252 actually) to copy filtered resources, i.e. build is platform dependent!
2017-01-21 12:28:20,360 [Worker-58] INFO  o.e.m.c.i.embedder.EclipseLogger - skip non existing resourceDirectory E:\HiberWork\OnetoManyAnotation\src\main\resources
2017-01-21 12:28:20,361 [Worker-58] WARN  o.e.m.c.i.embedder.EclipseLogger - Using platform encoding (Cp1252 actually) to copy filtered resources, i.e. build is platform dependent!
2017-01-21 12:28:20,363 [Worker-58] INFO  o.e.m.c.i.embedder.EclipseLogger - skip non existing resourceDirectory E:\HiberWork\OnetoManyAnotation\src\test\resources
2017-01-21 12:28:29,843 [Worker-59] WARN  o.e.m.c.i.embedder.EclipseLogger - Using platform encoding (Cp1252 actually) to copy filtered resources, i.e. build is platform dependent!
2017-01-21 12:28:29,845 [Worker-59] INFO  o.e.m.c.i.embedder.EclipseLogger - skip non existing resourceDirectory E:\HiberWork\OnetoManyAnotation\src\main\resources
2017-01-21 12:28:29,847 [Worker-59] WARN  o.e.m.c.i.embedder.EclipseLogger - Using platform encoding (Cp1252 actually) to copy filtered resources, i.e. build is platform dependent!
2017-01-21 12:28:29,848 [Worker-59] INFO  o.e.m.c.i.embedder.EclipseLogger - skip non existing resourceDirectory E:\HiberWork\OnetoManyAnotation\src\test\resources
2017-01-21 12:36:52,009 [Worker-65] INFO  o.e.m.c.i.l.LifecycleMappingFactory - Using org.eclipse.m2e.jdt.JarLifecycleMapping lifecycle mapping for MavenProject: ManytoManyAnnotation:ManytoManyAnnotation:0.0.1-SNAPSHOT @ E:\HiberWork\ManytoManyAnnotation\pom.xml.
2017-01-21 12:36:52,257 [Worker-65] INFO  o.e.m.j.i.AbstractJavaProjectConfigurator - Adding source folder /ManytoManyAnnotation/src
2017-01-21 12:36:52,257 [Worker-65] INFO  o.e.m.j.i.AbstractJavaProjectConfigurator - Not adding source folder /ManytoManyAnnotation/src/test/java because it overlaps with /ManytoManyAnnotation/src
2017-01-21 12:36:52,357 [Worker-65] INFO  o.e.m.c.i.p.ProjectConfigurationManager - Update started
2017-01-21 12:36:52,913 [Worker-65] INFO  o.e.m.c.i.l.LifecycleMappingFactory - Using org.eclipse.m2e.jdt.JarLifecycleMapping lifecycle mapping for MavenProject: ManytoManyAnnotation:ManytoManyAnnotation:0.0.1-SNAPSHOT @ E:\HiberWork\ManytoManyAnnotation\pom.xml.
2017-01-21 12:36:52,973 [Worker-65] INFO  o.e.m.j.i.AbstractJavaProjectConfigurator - Adding source folder /ManytoManyAnnotation/src
2017-01-21 12:36:52,974 [Worker-65] INFO  o.e.m.j.i.AbstractJavaProjectConfigurator - Not adding source folder /ManytoManyAnnotation/src/test/java because it overlaps with /ManytoManyAnnotation/src
2017-01-21 12:36:53,047 [Worker-65] INFO  o.e.m.c.i.p.ProjectConfigurationManager - Update completed: 0 sec
2017-01-21 12:36:53,182 [Worker-65] WARN  o.e.m.c.i.embedder.EclipseLogger - Using platform encoding (Cp1252 actually) to copy filtered resources, i.e. build is platform dependent!
2017-01-21 12:36:53,182 [Worker-65] INFO  o.e.m.c.i.embedder.EclipseLogger - skip non existing resourceDirectory E:\HiberWork\ManytoManyAnnotation\src\main\resources
2017-01-21 12:36:53,183 [Worker-65] WARN  o.e.m.c.i.embedder.EclipseLogger - Using platform encoding (Cp1252 actually) to copy filtered resources, i.e. build is platform dependent!
2017-01-21 12:36:53,184 [Worker-65] INFO  o.e.m.c.i.embedder.EclipseLogger - skip non existing resourceDirectory E:\HiberWork\ManytoManyAnnotation\src\test\resources
2017-01-21 12:37:36,810 [Worker-37] INFO  o.e.m.c.i.p.ProjectConfigurationManager - Update started
2017-01-21 12:37:37,367 [Worker-37] INFO  o.e.m.c.i.l.LifecycleMappingFactory - Using org.eclipse.m2e.jdt.JarLifecycleMapping lifecycle mapping for MavenProject: ManytoManyAnnotation:ManytoManyAnnotation:0.0.1-SNAPSHOT @ E:\HiberWork\ManytoManyAnnotation\pom.xml.
2017-01-21 12:37:37,781 [Worker-37] INFO  o.e.m.c.i.l.LifecycleMappingFactory - Using org.eclipse.m2e.jdt.JarLifecycleMapping lifecycle mapping for MavenProject: com.mypack.common:OneToOne:1.0-SNAPSHOT @ E:\HiberWork\OneToOneXml\pom.xml.
2017-01-21 12:37:38,114 [Worker-37] INFO  o.e.m.j.i.AbstractJavaProjectConfigurator - Adding source folder /ManytoManyAnnotation/src
2017-01-21 12:37:38,115 [Worker-37] INFO  o.e.m.j.i.AbstractJavaProjectConfigurator - Not adding source folder /ManytoManyAnnotation/src/test/java because it overlaps with /ManytoManyAnnotation/src
2017-01-21 12:37:38,204 [Worker-37] INFO  o.e.m.c.i.p.ProjectConfigurationManager - Update completed: 1 sec
2017-01-21 12:37:38,404 [Worker-68] WARN  o.e.m.c.i.embedder.EclipseLogger - Using platform encoding (Cp1252 actually) to copy filtered resources, i.e. build is platform dependent!
2017-01-21 12:37:38,405 [Worker-68] INFO  o.e.m.c.i.embedder.EclipseLogger - skip non existing resourceDirectory E:\HiberWork\ManytoManyAnnotation\src\main\resources
2017-01-21 12:37:38,407 [Worker-68] WARN  o.e.m.c.i.embedder.EclipseLogger - Using platform encoding (Cp1252 actually) to copy filtered resources, i.e. build is platform dependent!
2017-01-21 12:37:38,408 [Worker-68] INFO  o.e.m.c.i.embedder.EclipseLogger - skip non existing resourceDirectory E:\HiberWork\ManytoManyAnnotation\src\test\resources
2017-01-21 12:37:38,890 [Worker-68] WARN  o.e.m.c.i.embedder.EclipseLogger - Using platform encoding (Cp1252 actually) to copy filtered resources, i.e. build is platform dependent!
2017-01-21 12:37:38,894 [Worker-68] INFO  o.e.m.c.i.embedder.EclipseLogger - Copying 0 resource
2017-01-21 12:37:38,895 [Worker-68] WARN  o.e.m.c.i.embedder.EclipseLogger - Using platform encoding (Cp1252 actually) to copy filtered resources, i.e. build is platform dependent!
2017-01-21 12:37:38,896 [Worker-68] INFO  o.e.m.c.i.embedder.EclipseLogger - skip non existing resourceDirectory E:\HiberWork\OneToOneXml\src\test\resources
2017-01-21 12:38:17,034 [Worker-67] WARN  o.e.m.c.i.embedder.EclipseLogger - Using platform encoding (Cp1252 actually) to copy filtered resources, i.e. build is platform dependent!
2017-01-21 12:38:17,035 [Worker-67] INFO  o.e.m.c.i.embedder.EclipseLogger - skip non existing resourceDirectory E:\HiberWork\OnetoManyAnotation\src\main\resources
2017-01-21 12:38:17,037 [Worker-67] WARN  o.e.m.c.i.embedder.EclipseLogger - Using platform encoding (Cp1252 actually) to copy filtered resources, i.e. build is platform dependent!
2017-01-21 12:38:17,039 [Worker-67] INFO  o.e.m.c.i.embedder.EclipseLogger - skip non existing resourceDirectory E:\HiberWork\OnetoManyAnotation\src\test\resources
